


materialPath: C:\Program Files (x86)\Steam\steamapps\common\Counter-Strike Global Offensive\csgo\materials
Loading c:\users\ujiiiiiiiiiiiiiiiiii\documents\github\de_corked\de_corked.vmf
Map revision 2
fixing up env_cubemap materials on brush sides...
0...1...2...3...4...5...6...7...8...9...10**** leaked ****
Entity info_player_terrorist (-272.12 426.50 9.00) leaked!
Processing areas...done (0)
Building Faces...done (0)
FixTjuncs...
PruneNodes...
WriteBSP...
done (0)
Finding displacement neighbors...
Finding lightmap sample positions...
Displacement Alpha : 0...1...2...3...4...5...6...7...8...9...10
Building Physics collision data...
done (1) (48230 bytes)
Placing detail props : 0...1...2...3...4...5...6...7...8...9...10
Compacting texture/material tables...
Reduced 139 texinfos to 95
Reduced 4 texdatas to 4 (76 bytes to 76)
Writing c:\users\ujiiiiiiiiiiiiiiiiii\documents\github\de_corked\de_corked.bsp
1 second elapsed



4 threads
reading c:\users\ujiiiiiiiiiiiiiiiiii\documents\github\de_corked\de_corked.bsp
reading c:\users\ujiiiiiiiiiiiiiiiiii\documents\github\de_corked\de_corked.prt
LoadPortals: couldn't read c:\users\ujiiiiiiiiiiiiiiiiii\documents\github\de_corked\de_corked.prt



materialPath: C:\Program Files (x86)\Steam\steamapps\common\Counter-Strike Global Offensive\csgo\materials
Loading c:\users\ujiiiiiiiiiiiiiiiiii\documents\github\de_corked\de_corked.vmf
Map revision 2
fixing up env_cubemap materials on brush sides...
0...1...2...3...4...5...6...7...8...9...10**** leaked ****
Entity info_player_terrorist (-272.12 426.50 9.00) leaked!
Processing areas...done (0)
Building Faces...done (0)
FixTjuncs...
PruneNodes...
WriteBSP...
done (0)
Finding displacement neighbors...
Finding lightmap sample positions...
Displacement Alpha : 0...1...2...3...4...5...6...7...8...9...10
Building Physics collision data...
done (0) (48230 bytes)
Placing detail props : 0...1...2...3...4...5...6...7...8...9...10
Compacting texture/material tables...
Reduced 139 texinfos to 95
Reduced 4 texdatas to 4 (76 bytes to 76)
Writing c:\users\ujiiiiiiiiiiiiiiiiii\documents\github\de_corked\de_corked.bsp
1 second elapsed



4 threads
reading c:\users\ujiiiiiiiiiiiiiiiiii\documents\github\de_corked\de_corked.bsp
reading c:\users\ujiiiiiiiiiiiiiiiiii\documents\github\de_corked\de_corked.prt
LoadPortals: couldn't read c:\users\ujiiiiiiiiiiiiiiiiii\documents\github\de_corked\de_corked.prt



materialPath: C:\Program Files (x86)\Steam\steamapps\common\Counter-Strike Global Offensive\csgo\materials
Loading c:\users\ujiiiiiiiiiiiiiiiiii\documents\github\de_corked\de_corked.vmf
Map revision 3
fixing up env_cubemap materials on brush sides...
0...1...2...3...4...5...6...7...8...9...100...1...2...3...4...5...6...7...8...9...10Processing areas...done (0)
Building Faces...done (0)
FixTjuncs...
PruneNodes...
WriteBSP...
done (0)
writing c:\users\ujiiiiiiiiiiiiiiiiii\documents\github\de_corked\de_corked.prt...Building visibility clusters...
done (0)
Finding displacement neighbors...
Finding lightmap sample positions...
Displacement Alpha : 0...1...2...3...4...5...6...7...8...9...10
Building Physics collision data...
done (0) (48230 bytes)
Placing detail props : 0...1...2...3...4...5...6...7...8...9...10
Compacting texture/material tables...
Reduced 139 texinfos to 93
Reduced 4 texdatas to 4 (76 bytes to 76)
Writing c:\users\ujiiiiiiiiiiiiiiiiii\documents\github\de_corked\de_corked.bsp
1 second elapsed



4 threads
reading c:\users\ujiiiiiiiiiiiiiiiiii\documents\github\de_corked\de_corked.bsp
reading c:\users\ujiiiiiiiiiiiiiiiiii\documents\github\de_corked\de_corked.prt
 264 portalclusters
 584 numportals
0...1...2...3...4...5...6...7...8...9...10Optimized: 2091 visible clusters (0.00%)
Total clusters visible: 59015
Average clusters visible: 223
Building PAS...
Average clusters audible: 262
visdatasize:19343  compressed from 21120
writing c:\users\ujiiiiiiiiiiiiiiiiii\documents\github\de_corked\de_corked.bsp
0 seconds elapsed



[Reading texlights from 'lights.rad']
[17 texlights parsed from 'lights.rad']

Loading c:\users\ujiiiiiiiiiiiiiiiiii\documents\github\de_corked\de_corked.bsp
1107 faces
51839 square feet [7464940.00 square inches]
0 Displacements
0 Square Feet [0.00 Square Inches]
1107 patches before subdivision
7265 patches after subdivision
0 direct lights
0...1...2...3...4...5...6...7...8...9...100...1...2...3...4...5...6...7...8...9...10transfers 966759, max 568
transfer lists:   7.4 megs
0...1...2...3...4...5...6...7...8...9...10	Bounce #1 added RGB(0, 0, 0)
Build Patch/Sample Hash Table(s).....Done<0.0033 sec>
0...1...2...3...4...5...6...7...8...9...10FinalLightFace Done
0 of 0 (0% of) surface lights went in leaf ambient cubes.
0...1...2...3...4...5...6...7...8...9...10Writing leaf ambient...done
Computing static prop lighting : 00...1...2...3...4...5...6...7...8...9...10
Ready to Finish

Object names       Objects/Maxobjs  Memory / Maxmem  Fullness 
------------       ---------------  ---------------  -------- 
models                   2/1024           96/49152    ( 0.2%) 
brushes                119/8192         1428/98304    ( 1.5%) 
brushsides             823/65536        6584/524288   ( 1.3%) 
planes                 472/65536        9440/1310720  ( 0.7%) 
vertexes              1650/65536       19800/786432   ( 2.5%) 
nodes                  568/65536       18176/2097152  ( 0.9%) 
texinfos                93/12288        6696/884736   ( 0.8%) 
texdata                  4/2048          128/65536    ( 0.2%) 
dispinfos                0/0               0/0        ( 0.0%) 
disp_verts               0/0               0/0        ( 0.0%) 
disp_tris                0/0               0/0        ( 0.0%) 
disp_multiblend          0/0               0/0        ( 0.0%) 
disp_lmsamples           0/0               0/0        ( 0.0%) 
faces                 1107/65536       61992/3670016  ( 1.7%) 
hdr faces                0/65536           0/3670016  ( 0.0%) 
origfaces              365/65536       20440/3670016  ( 0.6%) 
facebrushes             59/0             118/0        ( 0.0%) 
facebrushlists        1107/0            4428/0        ( 0.0%) 
leaves                 571/65536       18272/2097152  ( 0.9%) 
leaffaces             1151/65536        2302/131072   ( 1.8%) 
leafbrushes            378/65536         756/131072   ( 0.6%) 
areas                    2/1024           16/8192     ( 0.2%) 
surfedges             6966/512000      27864/2048000  ( 1.4%) 
edges                 3824/256000      15296/1024000  ( 1.5%) 
LDR worldlights          0/8192            0/819200   ( 0.0%) 
HDR worldlights          0/8192            0/819200   ( 0.0%) 
leafwaterdata            0/32768           0/393216   ( 0.0%) 
waterstrips            113/32768        1130/327680   ( 0.3%) 
waterverts               0/65536           0/786432   ( 0.0%) 
waterindices          2388/65536        4776/131072   ( 3.6%) 
cubemapsamples           0/1024            0/16384    ( 0.0%) 
overlays                 0/1024            0/360448   ( 0.0%) 
LDR lightdata         [variable]      314752/0        ( 0.0%) 
HDR lightdata         [variable]           0/0        ( 0.0%) 
visdata               [variable]       19343/16777216 ( 0.1%) 
entdata               [variable]        1652/393216   ( 0.4%) 
LDR ambient table      571/65536        2284/262144   ( 0.9%) 
HDR ambient table      571/65536        2284/262144   ( 0.9%) 
LDR leaf ambient       270/65536        7560/1835008  ( 0.4%) 
HDR leaf ambient       571/65536       15988/1835008  ( 0.9%) 
occluders                0/0               0/0        ( 0.0%) 
occluder polygons        0/0               0/0        ( 0.0%) 
occluder vert ind        0/0               0/0        ( 0.0%) 
detail props          [variable]           1/12       ( 8.3%) 
static props          [variable]           1/432      ( 0.2%) 
pakfile               [variable]       91606/0        ( 0.0%) 
physics               [variable]       48230/4194304  ( 1.1%) 
physics terrain       [variable]           2/1048576  ( 0.0%) 

Level flags = 7d

Total triangle count: 3244
Writing c:\users\ujiiiiiiiiiiiiiiiiii\documents\github\de_corked\de_corked.bsp
4 seconds elapsed



materialPath: C:\Program Files (x86)\Steam\steamapps\common\Counter-Strike Global Offensive\csgo\materials
Loading c:\users\ujiiiiiiiiiiiiiiiiii\documents\github\de_corked\de_corked.vmf
Map revision 3
fixing up env_cubemap materials on brush sides...
0...1...2...3...4...5...6...7...8...9...100...1...2...3...4...5...6...7...8...9...10Processing areas...done (0)
Building Faces...done (0)
FixTjuncs...
PruneNodes...
WriteBSP...
done (0)
writing c:\users\ujiiiiiiiiiiiiiiiiii\documents\github\de_corked\de_corked.prt...Building visibility clusters...
done (0)
Finding displacement neighbors...
Finding lightmap sample positions...
Displacement Alpha : 0...1...2...3...4...5...6...7...8...9...10
Building Physics collision data...
done (0) (48230 bytes)
Placing detail props : 0...1...2...3...4...5...6...7...8...9...10
Compacting texture/material tables...
Reduced 139 texinfos to 93
Reduced 4 texdatas to 4 (76 bytes to 76)
Writing c:\users\ujiiiiiiiiiiiiiiiiii\documents\github\de_corked\de_corked.bsp
2 seconds elapsed



materialPath: C:\Program Files (x86)\Steam\steamapps\common\Counter-Strike Global Offensive\csgo\materials
Loading c:\users\ujiiiiiiiiiiiiiiiiii\documents\github\de_corked\de_corked.vmf
Map revision 3
fixing up env_cubemap materials on brush sides...
0...1...2...3...4...5...6...7...8...9...100...1...2...3...4...5...6...7...8...9...10Processing areas...done (0)
Building Faces...done (0)
FixTjuncs...
PruneNodes...
WriteBSP...
done (0)
writing c:\users\ujiiiiiiiiiiiiiiiiii\documents\github\de_corked\de_corked.prt...Building visibility clusters...
done (0)
Finding displacement neighbors...
Finding lightmap sample positions...
Displacement Alpha : 0...1...2...3...4...5...6...7...8...9...10
Building Physics collision data...
done (0) (48230 bytes)
Placing detail props : 0...1...2...3...4...5...6...7...8...9...10
Compacting texture/material tables...
Reduced 139 texinfos to 93
Reduced 4 texdatas to 4 (76 bytes to 76)
Writing c:\users\ujiiiiiiiiiiiiiiiiii\documents\github\de_corked\de_corked.bsp
1 second elapsed



4 threads
reading c:\users\ujiiiiiiiiiiiiiiiiii\documents\github\de_corked\de_corked.bsp
reading c:\users\ujiiiiiiiiiiiiiiiiii\documents\github\de_corked\de_corked.prt
 264 portalclusters
 584 numportals
0...1...2...3...4...5...6...7...8...9...10Optimized: 2091 visible clusters (0.00%)
Total clusters visible: 59015
Average clusters visible: 223
Building PAS...
Average clusters audible: 262
visdatasize:19343  compressed from 21120
writing c:\users\ujiiiiiiiiiiiiiiiiii\documents\github\de_corked\de_corked.bsp
0 seconds elapsed



[Reading texlights from 'lights.rad']
[17 texlights parsed from 'lights.rad']

Loading c:\users\ujiiiiiiiiiiiiiiiiii\documents\github\de_corked\de_corked.bsp
1107 faces
51839 square feet [7464940.00 square inches]
0 Displacements
0 Square Feet [0.00 Square Inches]
1107 patches before subdivision
7265 patches after subdivision
0 direct lights
0...1...2...3...4...5...6...7...8...9...100...1...2...3...4...5...6...7...8...9...10transfers 966759, max 568
transfer lists:   7.4 megs
0...1...2...3...4...5...6...7...8...9...10	Bounce #1 added RGB(0, 0, 0)
Build Patch/Sample Hash Table(s).....Done<0.0032 sec>
0...1...2...3...4...5...6...7...8...9...10FinalLightFace Done
0 of 0 (0% of) surface lights went in leaf ambient cubes.
0...1...2...3...4...5...6...7...8...9...10Writing leaf ambient...done
Computing static prop lighting : 00...1...2...3...4...5...6...7...8...9...10
Ready to Finish

Object names       Objects/Maxobjs  Memory / Maxmem  Fullness 
------------       ---------------  ---------------  -------- 
models                   2/1024           96/49152    ( 0.2%) 
brushes                119/8192         1428/98304    ( 1.5%) 
brushsides             823/65536        6584/524288   ( 1.3%) 
planes                 472/65536        9440/1310720  ( 0.7%) 
vertexes              1650/65536       19800/786432   ( 2.5%) 
nodes                  568/65536       18176/2097152  ( 0.9%) 
texinfos                93/12288        6696/884736   ( 0.8%) 
texdata                  4/2048          128/65536    ( 0.2%) 
dispinfos                0/0               0/0        ( 0.0%) 
disp_verts               0/0               0/0        ( 0.0%) 
disp_tris                0/0               0/0        ( 0.0%) 
disp_multiblend          0/0               0/0        ( 0.0%) 
disp_lmsamples           0/0               0/0        ( 0.0%) 
faces                 1107/65536       61992/3670016  ( 1.7%) 
hdr faces                0/65536           0/3670016  ( 0.0%) 
origfaces              365/65536       20440/3670016  ( 0.6%) 
facebrushes             59/0             118/0        ( 0.0%) 
facebrushlists        1107/0            4428/0        ( 0.0%) 
leaves                 571/65536       18272/2097152  ( 0.9%) 
leaffaces             1151/65536        2302/131072   ( 1.8%) 
leafbrushes            378/65536         756/131072   ( 0.6%) 
areas                    2/1024           16/8192     ( 0.2%) 
surfedges             6966/512000      27864/2048000  ( 1.4%) 
edges                 3824/256000      15296/1024000  ( 1.5%) 
LDR worldlights          0/8192            0/819200   ( 0.0%) 
HDR worldlights          0/8192            0/819200   ( 0.0%) 
leafwaterdata            0/32768           0/393216   ( 0.0%) 
waterstrips            113/32768        1130/327680   ( 0.3%) 
waterverts               0/65536           0/786432   ( 0.0%) 
waterindices          2388/65536        4776/131072   ( 3.6%) 
cubemapsamples           0/1024            0/16384    ( 0.0%) 
overlays                 0/1024            0/360448   ( 0.0%) 
LDR lightdata         [variable]      314752/0        ( 0.0%) 
HDR lightdata         [variable]           0/0        ( 0.0%) 
visdata               [variable]       19343/16777216 ( 0.1%) 
entdata               [variable]        1652/393216   ( 0.4%) 
LDR ambient table      571/65536        2284/262144   ( 0.9%) 
HDR ambient table      571/65536        2284/262144   ( 0.9%) 
LDR leaf ambient       270/65536        7560/1835008  ( 0.4%) 
HDR leaf ambient       571/65536       15988/1835008  ( 0.9%) 
occluders                0/0               0/0        ( 0.0%) 
occluder polygons        0/0               0/0        ( 0.0%) 
occluder vert ind        0/0               0/0        ( 0.0%) 
detail props          [variable]           1/12       ( 8.3%) 
static props          [variable]           1/432      ( 0.2%) 
pakfile               [variable]       91606/0        ( 0.0%) 
physics               [variable]       48230/4194304  ( 1.1%) 
physics terrain       [variable]           2/1048576  ( 0.0%) 

Level flags = 7d

Total triangle count: 3244
Writing c:\users\ujiiiiiiiiiiiiiiiiii\documents\github\de_corked\de_corked.bsp
4 seconds elapsed



materialPath: C:\Program Files (x86)\Steam\steamapps\common\Counter-Strike Global Offensive\csgo\materials
Loading c:\users\ujiiiiiiiiiiiiiiiiii\documents\github\de_corked\de_corked.vmf
Map revision 3
fixing up env_cubemap materials on brush sides...
0...1...2...3...4...5...6...7...8...9...100...1...2...3...4...5...6...7...8...9...10Processing areas...done (0)
Building Faces...done (0)
FixTjuncs...
PruneNodes...
WriteBSP...
done (0)
writing c:\users\ujiiiiiiiiiiiiiiiiii\documents\github\de_corked\de_corked.prt...Building visibility clusters...
done (0)
Finding displacement neighbors...
Finding lightmap sample positions...
Displacement Alpha : 0...1...2...3...4...5...6...7...8...9...10
Building Physics collision data...
done (0) (48230 bytes)
Placing detail props : 0...1...2...3...4...5...6...7...8...9...10
Compacting texture/material tables...
Reduced 139 texinfos to 93
Reduced 4 texdatas to 4 (76 bytes to 76)
Writing c:\users\ujiiiiiiiiiiiiiiiiii\documents\github\de_corked\de_corked.bsp
1 second elapsed



materialPath: C:\Program Files (x86)\Steam\steamapps\common\Counter-Strike Global Offensive\csgo\materials
Loading c:\users\ujiiiiiiiiiiiiiiiiii\documents\github\de_corked\de_corked.vmf
Map revision 4
fixing up env_cubemap materials on brush sides...
0...1...2...3...4...5...6...7...8...9...100...1...2...3...4...5...6...7...8...9...10Processing areas...done (0)
Building Faces...done (0)
FixTjuncs...
PruneNodes...
WriteBSP...
done (0)
writing c:\users\ujiiiiiiiiiiiiiiiiii\documents\github\de_corked\de_corked.prt...Building visibility clusters...
done (0)
Finding displacement neighbors...
Finding lightmap sample positions...
Displacement Alpha : 0...1...2...3...4...5...6...7...8...9...10
Building Physics collision data...
done (0) (48230 bytes)
Placing detail props : 0...1...2...3...4...5...6...7...8...9...10
Compacting texture/material tables...
Reduced 139 texinfos to 93
Reduced 4 texdatas to 4 (76 bytes to 76)
Writing c:\users\ujiiiiiiiiiiiiiiiiii\documents\github\de_corked\de_corked.bsp
1 second elapsed



4 threads
reading c:\users\ujiiiiiiiiiiiiiiiiii\documents\github\de_corked\de_corked.bsp
reading c:\users\ujiiiiiiiiiiiiiiiiii\documents\github\de_corked\de_corked.prt
 264 portalclusters
 584 numportals
0...1...2...3...4...5...6...7...8...9...10Optimized: 2091 visible clusters (0.00%)
Total clusters visible: 59015
Average clusters visible: 223
Building PAS...
Average clusters audible: 262
visdatasize:19343  compressed from 21120
writing c:\users\ujiiiiiiiiiiiiiiiiii\documents\github\de_corked\de_corked.bsp
0 seconds elapsed



[Reading texlights from 'lights.rad']
[17 texlights parsed from 'lights.rad']

Loading c:\users\ujiiiiiiiiiiiiiiiiii\documents\github\de_corked\de_corked.bsp
1107 faces
51839 square feet [7464940.00 square inches]
0 Displacements
0 Square Feet [0.00 Square Inches]
1107 patches before subdivision
7265 patches after subdivision
13 direct lights
0...1...2...3...4...5...6...7...8...9...100...1...2...3...4...5...6...7...8...9...10transfers 966759, max 568
transfer lists:   7.4 megs
0...1...2...3...4...5...6...7...8...9...10	Bounce #1 added RGB(43472, 43367, 43246)
0...1...2...3...4...5...6...7...8...9...10	Bounce #2 added RGB(12339, 12270, 12197)
Build Patch/Sample Hash Table(s).....Done<0.0038 sec>
0...1...2...3...4...5...6...7...8...9...10FinalLightFace Done
0 of 0 (0% of) surface lights went in leaf ambient cubes.
0...1...2...3...4...5...6...7...8...9...10Writing leaf ambient...done
Computing static prop lighting : 00...1...2...3...4...5...6...7...8...9...10
Ready to Finish

Object names       Objects/Maxobjs  Memory / Maxmem  Fullness 
------------       ---------------  ---------------  -------- 
models                   2/1024           96/49152    ( 0.2%) 
brushes                119/8192         1428/98304    ( 1.5%) 
brushsides             823/65536        6584/524288   ( 1.3%) 
planes                 472/65536        9440/1310720  ( 0.7%) 
vertexes              1650/65536       19800/786432   ( 2.5%) 
nodes                  568/65536       18176/2097152  ( 0.9%) 
texinfos                93/12288        6696/884736   ( 0.8%) 
texdata                  4/2048          128/65536    ( 0.2%) 
dispinfos                0/0               0/0        ( 0.0%) 
disp_verts               0/0               0/0        ( 0.0%) 
disp_tris                0/0               0/0        ( 0.0%) 
disp_multiblend          0/0               0/0        ( 0.0%) 
disp_lmsamples           0/0               0/0        ( 0.0%) 
faces                 1107/65536       61992/3670016  ( 1.7%) 
hdr faces                0/65536           0/3670016  ( 0.0%) 
origfaces              365/65536       20440/3670016  ( 0.6%) 
facebrushes             59/0             118/0        ( 0.0%) 
facebrushlists        1107/0            4428/0        ( 0.0%) 
leaves                 571/65536       18272/2097152  ( 0.9%) 
leaffaces             1151/65536        2302/131072   ( 1.8%) 
leafbrushes            378/65536         756/131072   ( 0.6%) 
areas                    2/1024           16/8192     ( 0.2%) 
surfedges             6966/512000      27864/2048000  ( 1.4%) 
edges                 3824/256000      15296/1024000  ( 1.5%) 
LDR worldlights         13/8192         1300/819200   ( 0.2%) 
HDR worldlights          0/8192            0/819200   ( 0.0%) 
leafwaterdata            0/32768           0/393216   ( 0.0%) 
waterstrips            113/32768        1130/327680   ( 0.3%) 
waterverts               0/65536           0/786432   ( 0.0%) 
waterindices          2388/65536        4776/131072   ( 3.6%) 
cubemapsamples           0/1024            0/16384    ( 0.0%) 
overlays                 0/1024            0/360448   ( 0.0%) 
LDR lightdata         [variable]      314752/0        ( 0.0%) 
HDR lightdata         [variable]           0/0        ( 0.0%) 
visdata               [variable]       19343/16777216 ( 0.1%) 
entdata               [variable]        3701/393216   ( 0.9%) 
LDR ambient table      571/65536        2284/262144   ( 0.9%) 
HDR ambient table      571/65536        2284/262144   ( 0.9%) 
LDR leaf ambient      1120/65536       31360/1835008  ( 1.7%) 
HDR leaf ambient       571/65536       15988/1835008  ( 0.9%) 
occluders                0/0               0/0        ( 0.0%) 
occluder polygons        0/0               0/0        ( 0.0%) 
occluder vert ind        0/0               0/0        ( 0.0%) 
detail props          [variable]           1/12       ( 8.3%) 
static props          [variable]           1/432      ( 0.2%) 
pakfile               [variable]       91606/0        ( 0.0%) 
physics               [variable]       48230/4194304  ( 1.1%) 
physics terrain       [variable]           2/1048576  ( 0.0%) 

Level flags = 7d

Total triangle count: 3244
Writing c:\users\ujiiiiiiiiiiiiiiiiii\documents\github\de_corked\de_corked.bsp
5 seconds elapsed



materialPath: C:\Program Files (x86)\Steam\steamapps\common\Counter-Strike Global Offensive\csgo\materials
Loading c:\users\ujiiiiiiiiiiiiiiiiii\documents\github\de_corked\de_corked.vmf
Map revision 4
fixing up env_cubemap materials on brush sides...
0...1...2...3...4...5...6...7...8...9...100...1...2...3...4...5...6...7...8...9...10Processing areas...done (0)
Building Faces...done (0)
FixTjuncs...
PruneNodes...
WriteBSP...
done (0)
writing c:\users\ujiiiiiiiiiiiiiiiiii\documents\github\de_corked\de_corked.prt...Building visibility clusters...
done (0)
Finding displacement neighbors...
Finding lightmap sample positions...
Displacement Alpha : 0...1...2...3...4...5...6...7...8...9...10
Building Physics collision data...
done (0) (48230 bytes)
Placing detail props : 0...1...2...3...4...5...6...7...8...9...10
Compacting texture/material tables...
Reduced 139 texinfos to 93
Reduced 4 texdatas to 4 (76 bytes to 76)
Writing c:\users\ujiiiiiiiiiiiiiiiiii\documents\github\de_corked\de_corked.bsp
1 second elapsed
