PRT1
264
584
4 0 131 (1024 0 248 ) (1024 0 -120 ) (1152 0 -120 ) (1152 0 248 ) 
4 0 90 (1024 0 -120 ) (1024 0 248 ) (1024 160 248 ) (1024 160 -120 ) 
4 0 44 (1024 160 248 ) (1024 304 248 ) (1024 304 -120 ) (1024 160 -120 ) 
4 0 1 (1024 304 248 ) (1024 480 248 ) (1024 480 -120 ) (1024 304 -120 ) 
4 1 47 (576 304 -120 ) (728 304 -120 ) (728 304 -96 ) (576 304 -96 ) 
4 1 46 (728 304 -96 ) (728 304 -88 ) (576 304 -88 ) (576 304 -96 ) 
4 1 45 (728 304 -88 ) (728 304 248 ) (576 304 248 ) (576 304 -88 ) 
4 1 44 (752 304 -120 ) (1024 304 -120 ) (1024 304 248 ) (752 304 248 ) 
4 2 76 (309.939789 304 68 ) (309.939789 304 72 ) (308.571472 304 72 ) (308.571472 304 68 ) 
4 2 75 (309.939789 304 72 ) (309.939758 304 248 ) (308.571472 304 248 ) (308.571472 304 72 ) 
4 2 83 (308.571472 304 8 ) (309.939789 304 8 ) (309.939789 304 68 ) (308.571472 304 68 ) 
4 2 57 (316.977051 304 8 ) (384 304 8 ) (384 304 248 ) (316.977051 304 248 ) 
4 2 56 (309.939789 304 8 ) (316.977051 304 8 ) (316.977051 304 248 ) (309.939758 304 248 ) 
4 2 12 (308.571411 304 72 ) (308.572266 304 248 ) (312 319.998230 248 ) (312 320 72 ) 
4 2 13 (312 320.001068 8 ) (308.571075 304 8 ) (308.571381 304 68 ) (312 320 68 ) 
4 2 9 (314.179108 330.171295 8 ) (312 320.001068 8 ) (312 319.998230 248 ) (314.180054 330.170013 248 ) 
4 2 8 (325.090179 381.090515 8 ) (314.179108 330.171295 8 ) (314.180054 330.170013 248 ) (325.091522 381.090790 248 ) 
4 2 7 (335.477295 429.564545 8 ) (325.090179 381.090515 8 ) (325.091522 381.090790 248 ) (335.478882 429.565704 248 ) 
4 2 6 (354.855988 520 8 ) (335.477295 429.564545 8 ) (335.478882 429.565704 248 ) (354.857422 520 248 ) 
4 3 126 (0 304 8 ) (0 304 64 ) (0 520 64 ) (0 520 8 ) 
4 3 125 (0 304 64 ) (0 304 248 ) (0 520 248 ) (0 520 64 ) 
4 3 82 (218.060226 304 68 ) (219.428497 304 68 ) (219.428497 304 72 ) (218.060226 304 72 ) 
4 3 81 (206.835907 304 68 ) (218.060226 304 68 ) (218.060226 304 72 ) (206.835907 304 72 ) 
4 3 80 (114.663834 304 68 ) (206.835907 304 68 ) (206.835907 304 72 ) (114.663826 304 72 ) 
4 3 79 (0 304 72 ) (0 304 68 ) (114.663834 304 68 ) (114.663826 304 72 ) 
4 3 75 (0 304 248 ) (0 304 72 ) (219.428497 304 72 ) (219.428497 304 248 ) 
4 3 83 (0 304 68 ) (0 304 8 ) (219.428497 304 8 ) (219.428497 304 68 ) 
4 3 20 (216 320 72 ) (216 320.001282 248 ) (217.284424 314.008423 248 ) (217.284119 314.008484 72 ) 
4 3 21 (217.284012 314.008484 8 ) (216 320 8 ) (216 320 68 ) (217.284119 314.008484 68 ) 
4 3 18 (217.284119 314.008484 72 ) (217.284424 314.008423 248 ) (219.429031 304 248 ) (219.428741 304 72 ) 
4 3 19 (219.428650 304 8 ) (217.284012 314.008484 8 ) (217.284119 314.008484 68 ) (219.428741 304 68 ) 
4 3 4 (216 320 8 ) (173.143738 520 8 ) (173.144531 520 248 ) (216 320.001282 248 ) 
4 4 22 (219.998810 338.665344 72 ) (219.998810 338.665344 248 ) (218.913589 333.600891 248 ) (218.913589 333.600891 72 ) 
4 4 23 (218.913589 333.600891 8 ) (219.998810 338.665344 8 ) (219.998810 338.665344 68 ) (218.913589 333.600891 68 ) 
4 4 20 (216 320.003906 248 ) (216 320.003906 72 ) (218.913589 333.600891 72 ) (218.913589 333.600891 248 ) 
4 4 21 (216 320.003906 68 ) (216 320.003906 8 ) (218.913589 333.600891 8 ) (218.913589 333.600891 68 ) 
4 4 5 (219.998810 338.665344 8 ) (258.855560 520 8 ) (258.855469 520 248 ) (219.998810 338.665344 248 ) 
4 5 24 (230.670822 353.335815 72 ) (230.670822 353.335815 248 ) (225.615814 346.385712 248 ) (225.615814 346.385712 72 ) 
4 5 25 (225.615814 346.385712 8 ) (230.670822 353.335815 8 ) (230.670822 353.335815 68 ) (225.615814 346.385712 68 ) 
4 5 22 (220.003906 338.669922 248 ) (220.003906 338.669922 72 ) (225.615814 346.385712 72 ) (225.615814 346.385712 248 ) 
4 5 23 (220.003906 338.669922 68 ) (220.003906 338.669922 8 ) (225.615814 346.385712 8 ) (225.615814 346.385712 68 ) 
4 5 6 (230.670822 353.335815 8 ) (351.890381 520 8 ) (351.890381 520 248 ) (230.670822 353.335815 248 ) 
4 6 26 (245.334351 364 72 ) (245.334320 364 248 ) (239.484909 359.745789 248 ) (239.484909 359.745789 72 ) 
4 6 27 (239.484909 359.745789 8 ) (245.334351 364 8 ) (245.334351 364 68 ) (239.484909 359.745789 68 ) 
4 6 24 (230.664047 353.330078 248 ) (230.664063 353.330078 72 ) (239.484909 359.745789 72 ) (239.484909 359.745789 248 ) 
4 6 25 (230.664063 353.330078 68 ) (230.664063 353.330078 8 ) (239.484909 359.745789 8 ) (239.484909 359.745789 68 ) 
4 6 7 (245.334351 364 8 ) (335.475006 429.562714 8 ) (335.475006 429.562714 248 ) (245.334320 364 248 ) 
4 7 28 (263.997192 368 72 ) (263.997192 368 248 ) (258.008667 366.717377 248 ) (258.008667 366.717377 72 ) 
4 7 29 (258.008667 366.717377 8 ) (263.997192 368 8 ) (263.997192 368 68 ) (258.008667 366.717377 68 ) 
4 7 26 (245.332031 364 248 ) (245.332031 364 72 ) (258.008667 366.717377 72 ) (258.008667 366.717377 248 ) 
4 7 27 (245.332031 364 68 ) (245.332031 364 8 ) (258.008667 366.717377 8 ) (258.008667 366.717377 68 ) 
4 7 10 (263.997192 368 8 ) (283.608368 372.202942 8 ) (283.608368 372.202942 248 ) (263.997192 368 248 ) 
4 7 8 (283.608368 372.202942 8 ) (325.090363 381.091827 8 ) (325.090363 381.091827 248 ) (283.608368 372.202942 248 ) 
4 8 12 (308 338.670044 72 ) (308 338.670044 248 ) (297.336456 353.330475 248 ) (297.336456 353.330475 72 ) 
4 8 13 (297.336456 353.330475 8 ) (308 338.670044 8 ) (308 338.670044 68 ) (297.336456 353.330475 68 ) 
4 8 11 (290.851868 362.246124 8 ) (297.336456 353.330475 8 ) (297.336456 353.330475 248 ) (290.851868 362.246124 248 ) 
4 8 10 (283.611328 372.201172 248 ) (283.611328 372.201172 8 ) (290.851868 362.246124 8 ) (290.851868 362.246124 248 ) 
4 8 9 (308 338.670044 8 ) (314.179810 330.172546 8 ) (314.179810 330.172546 248 ) (308 338.670044 248 ) 
4 9 12 (308 338.667969 248 ) (308 338.667969 72 ) (312 320.002228 72 ) (312 320.002228 248 ) 
4 9 13 (308 338.667969 68 ) (308 338.667969 8 ) (312 320.002228 8 ) (312 320.002228 68 ) 
4 10 30 (282.666718 364 72 ) (282.666718 364 248 ) (277.600525 365.085754 248 ) (277.600525 365.085754 72 ) 
4 10 31 (277.600525 365.085754 8 ) (282.666718 364 8 ) (282.666718 364 68 ) (277.600525 365.085754 68 ) 
4 10 28 (264.002258 368 248 ) (264.002258 368 72 ) (277.600525 365.085754 72 ) (277.600525 365.085754 248 ) 
4 10 29 (264.002258 368 68 ) (264.002258 368 8 ) (277.600525 365.085754 8 ) (277.600525 365.085754 68 ) 
4 10 11 (282.666718 364 8 ) (290.848663 362.246948 8 ) (290.848663 362.246948 248 ) (282.666718 364 248 ) 
4 11 30 (282.664063 364 248 ) (282.664063 364 72 ) (288.514923 359.744446 72 ) (288.514923 359.744446 248 ) 
4 11 31 (282.664063 364 68 ) (282.664063 364 8 ) (288.514923 359.744446 8 ) (288.514923 359.744446 68 ) 
4 11 12 (297.336487 353.328186 72 ) (297.336487 353.328186 248 ) (288.514923 359.744446 248 ) (288.514923 359.744446 72 ) 
4 11 13 (288.514923 359.744446 8 ) (297.336487 353.328186 8 ) (297.336487 353.328186 68 ) (288.514923 359.744446 68 ) 
4 12 75 (308.571472 304 72 ) (308.571472 304 248 ) (276.572144 304 248 ) (276.572144 304 72 ) 
4 12 36 (280.725983 323.391174 72 ) (280 320.001251 72 ) (280 320.001251 248 ) (280.725983 323.391174 248 ) 
4 12 34 (284.361908 340.362335 72 ) (280.725983 323.391174 72 ) (280.725983 323.391174 248 ) (284.361908 340.362335 248 ) 
4 12 32 (287.823669 356.520569 72 ) (284.361908 340.362335 72 ) (284.361908 340.362335 248 ) (287.823669 356.520569 248 ) 
4 12 30 (288.515137 359.748047 248 ) (288.515137 359.748047 72 ) (287.823669 356.520569 72 ) (287.823669 356.520569 248 ) 
4 12 14 (278.666229 313.776947 72 ) (276.571594 304 72 ) (276.571594 304 248 ) (278.666229 313.776947 248 ) 
4 13 83 (276.572144 304 8 ) (308.571472 304 8 ) (308.571472 304 68 ) (276.572144 304 68 ) 
4 13 37 (280.725983 323.391174 8 ) (280 320.001251 8 ) (280 320.001251 68 ) (280.725983 323.391174 68 ) 
4 13 35 (284.361908 340.362335 8 ) (280.725983 323.391174 8 ) (280.725983 323.391174 68 ) (284.361908 340.362335 68 ) 
4 13 33 (287.823669 356.520569 8 ) (284.361908 340.362335 8 ) (284.361908 340.362335 68 ) (287.823669 356.520569 68 ) 
4 13 31 (288.515137 359.748047 68 ) (288.515137 359.748047 8 ) (287.823669 356.520569 8 ) (287.823669 356.520569 68 ) 
4 13 15 (278.666229 313.776947 8 ) (276.571594 304 8 ) (276.571594 304 68 ) (278.666229 313.776947 68 ) 
4 14 75 (276.572144 304 72 ) (276.572144 304 248 ) (271.554993 304 248 ) (271.554993 304 72 ) 
4 14 16 (275.112213 308.889893 72 ) (271.555573 304 72 ) (271.555573 304 248 ) (275.112213 308.889893 248 ) 
4 15 83 (271.554993 304 8 ) (276.572144 304 8 ) (276.572144 304 68 ) (271.554993 304 68 ) 
4 15 17 (275.112213 308.889893 8 ) (271.555573 304 8 ) (271.555573 304 68 ) (275.112213 308.889893 68 ) 
4 16 75 (271.554993 304 72 ) (271.554993 304 248 ) (268.389282 304 248 ) (268.389282 304 72 ) 
4 16 41 (270.220337 305.332672 72 ) (268.388092 304 72 ) (268.388092 304 248 ) (270.220337 305.332672 248 ) 
4 17 83 (268.389282 304 8 ) (271.554993 304 8 ) (271.554993 304 68 ) (268.389282 304 68 ) 
4 17 42 (270.220337 305.332672 8 ) (268.388092 304 8 ) (268.388092 304 68 ) (270.220337 305.332672 68 ) 
4 18 75 (264 304 72 ) (264 304 248 ) (219.428497 304 248 ) (219.428497 304 72 ) 
4 18 20 (217.283890 314.008301 72 ) (217.283890 314.008301 248 ) (257.778381 305.332703 248 ) (257.778381 305.332703 72 ) 
4 19 83 (219.428497 304 8 ) (264 304 8 ) (264 304 68 ) (219.428497 304 68 ) 
4 19 21 (257.778381 305.332703 8 ) (217.283890 314.008301 8 ) (217.283890 314.008301 68 ) (257.778381 305.332703 68 ) 
4 20 22 (252.887680 308.890839 72 ) (218.914490 333.601196 72 ) (218.914490 333.601196 248 ) (252.887695 308.890839 248 ) 
4 21 23 (252.887680 308.890839 8 ) (218.914490 333.601196 8 ) (218.914490 333.601196 68 ) (252.887695 308.890839 68 ) 
4 22 24 (249.332565 313.780029 72 ) (225.615570 346.387787 72 ) (225.615570 346.387787 248 ) (249.332565 313.780029 248 ) 
4 23 25 (249.332565 313.780029 8 ) (225.615570 346.387787 8 ) (225.615570 346.387787 68 ) (249.332565 313.780029 68 ) 
4 24 26 (248 320.002289 72 ) (239.485535 359.746948 72 ) (239.485535 359.746948 248 ) (248 320.002289 248 ) 
4 25 27 (248 320.002289 8 ) (239.485535 359.746948 8 ) (239.485535 359.746948 68 ) (248 320.002289 68 ) 
4 26 28 (249.331589 326.220062 72 ) (258.007324 366.715881 72 ) (258.007324 366.715881 248 ) (249.331589 326.220062 248 ) 
4 27 29 (249.331589 326.220062 8 ) (258.007324 366.715881 8 ) (258.007324 366.715881 68 ) (249.331589 326.220062 68 ) 
4 28 30 (252.888382 331.110535 72 ) (277.600769 365.085602 72 ) (277.600769 365.085602 248 ) (252.888382 331.110535 248 ) 
4 29 31 (252.888382 331.110535 8 ) (277.600769 365.085602 8 ) (277.600769 365.085602 68 ) (252.888382 331.110535 68 ) 
4 30 32 (257.777893 334.666931 72 ) (287.824310 356.521027 72 ) (287.824310 356.521027 248 ) (257.777893 334.666931 248 ) 
4 31 33 (257.777893 334.666931 8 ) (287.824310 356.521027 8 ) (287.824310 356.521027 68 ) (257.777893 334.666931 68 ) 
4 32 38 (264 336 72 ) (270.536316 337.400574 72 ) (270.536316 337.400574 248 ) (264 336 248 ) 
4 32 34 (270.536316 337.400574 72 ) (284.362518 340.362640 72 ) (284.362518 340.362640 248 ) (270.536316 337.400574 248 ) 
4 33 39 (264 336 8 ) (270.536316 337.400574 8 ) (270.536316 337.400574 68 ) (264 336 68 ) 
4 33 35 (270.536316 337.400574 8 ) (284.362518 340.362640 8 ) (284.362518 340.362640 68 ) (270.536316 337.400574 68 ) 
4 34 40 (272.947052 334.083191 72 ) (275.106567 331.114197 72 ) (275.106567 331.114197 248 ) (272.947052 334.083191 248 ) 
4 34 38 (270.537109 337.396484 248 ) (270.537109 337.396484 72 ) (272.947052 334.083191 72 ) (272.947052 334.083191 248 ) 
4 34 36 (278.667847 326.217987 72 ) (280.725952 323.388428 72 ) (280.725952 323.388428 248 ) (278.667847 326.217987 248 ) 
4 35 43 (272.947052 334.083191 8 ) (275.106567 331.114197 8 ) (275.106567 331.114197 68 ) (272.947052 334.083191 68 ) 
4 35 39 (270.537109 337.396484 68 ) (270.537109 337.396484 8 ) (272.947052 334.083191 8 ) (272.947052 334.083191 68 ) 
4 35 37 (278.667847 326.217987 8 ) (280.725952 323.388428 8 ) (280.725952 323.388428 68 ) (278.667847 326.217987 68 ) 
4 38 40 (270.223450 334.665924 72 ) (272.949738 334.081879 72 ) (272.949738 334.081879 248 ) (270.223450 334.665924 248 ) 
4 39 43 (270.223450 334.665924 8 ) (272.949738 334.081879 8 ) (272.949738 334.081879 68 ) (270.223450 334.665924 68 ) 
4 41 75 (268.389282 304 72 ) (268.389282 304 248 ) (264 304 248 ) (264 304 72 ) 
4 42 83 (264 304 8 ) (268.389282 304 8 ) (268.389282 304 68 ) (264 304 68 ) 
4 44 90 (1024 160 -120 ) (1024 160 248 ) (752 160 248 ) (752 160 -120 ) 
4 45 53 (528 304 -64 ) (528 304 -80 ) (528 160 -80 ) (528 160 -64 ) 
4 45 52 (528 304 -56 ) (528 304 -64 ) (528 160 -64 ) (528 160 -56 ) 
4 45 51 (528 304 -48 ) (528 304 -56 ) (528 160 -56 ) (528 160 -48 ) 
4 45 50 (528 304 248 ) (528 304 -48 ) (528 160 -48 ) (528 160 248 ) 
4 45 46 (540 304 -88 ) (728 304 -88 ) (728 160 -88 ) (540 160 -88 ) 
4 46 49 (552 304 -96 ) (564 304 -96 ) (564 160 -96 ) (552 160 -96 ) 
4 46 48 (564 304 -96 ) (576 304 -96 ) (576 160 -96 ) (564 160 -96 ) 
4 46 47 (576 304 -96 ) (728 304 -96 ) (728 160 -96 ) (576 160 -96 ) 
4 47 48 (576 160 -112 ) (576 160 -96 ) (576 304 -96 ) (576 304 -112 ) 
4 48 49 (564 160 -104 ) (564 160 -96 ) (564 304 -96 ) (564 304 -104 ) 
4 50 85 (468 304 0 ) (468 304 -40 ) (468 160 -40 ) (468 160 0 ) 
4 50 84 (468 304 8 ) (468 304 0 ) (468 160 0 ) (468 160 8 ) 
4 50 59 (468 243.713470 8 ) (468 160 8 ) (468 160 248 ) (468 243.713470 248 ) 
4 50 58 (468 304 248 ) (468 304 8 ) (468 243.713470 8 ) (468 243.713470 248 ) 
4 50 51 (480 304 -48 ) (528 304 -48 ) (528 160 -48 ) (480 160 -48 ) 
4 51 52 (492 304 -56 ) (528 304 -56 ) (528 160 -56 ) (492 160 -56 ) 
4 52 54 (504 304 -64 ) (516 304 -64 ) (516 160 -64 ) (504 160 -64 ) 
4 52 53 (516 304 -64 ) (528 304 -64 ) (528 160 -64 ) (516 160 -64 ) 
4 53 54 (516 160 -72 ) (516 160 -64 ) (516 304 -64 ) (516 304 -72 ) 
4 55 99 (217.714249 160 248 ) (214.285767 160 248 ) (214.285751 160 8 ) (217.714264 160 8 ) 
4 55 98 (214.285767 160 248 ) (205.204651 160 248 ) (205.204681 160 8 ) (214.285751 160 8 ) 
4 55 77 (205.204346 160 68 ) (205.204315 160 72 ) (222.939224 184.383636 72 ) (222.939209 184.383591 68 ) 
4 55 75 (205.204315 160 72 ) (205.203125 160 248 ) (222.939697 184.385803 248 ) (222.939224 184.383636 72 ) 
4 55 83 (222.939056 184.382858 8 ) (205.204742 160 8 ) (205.204346 160 68 ) (222.939209 184.383591 68 ) 
4 55 63 (220 170.667969 72 ) (220 170.667801 248 ) (217.714661 160 248 ) (217.714798 160 72 ) 
4 55 64 (217.714844 160 8 ) (220 170.668015 8 ) (220 170.667969 68 ) (217.714798 160 68 ) 
4 55 56 (220 170.668015 8 ) (222.939453 184.382813 8 ) (222.939453 184.382813 248 ) (220 170.667801 248 ) 
4 56 77 (222.939209 184.383591 68 ) (222.939224 184.383636 72 ) (297.332550 286.666656 72 ) (297.332642 286.666687 68 ) 
4 56 76 (308 301.333344 72 ) (309.939606 304 72 ) (309.939636 304 68 ) (308 301.333282 68 ) 
4 56 75 (222.939224 184.383636 72 ) (222.939697 184.385803 248 ) (309.938904 304 248 ) (309.939606 304 72 ) 
4 56 83 (309.939880 304 8 ) (222.939056 184.382858 8 ) (222.939209 184.383591 68 ) (309.939636 304 68 ) 
4 56 63 (219.998047 170.666016 248 ) (219.998047 170.666016 72 ) (230.664398 185.331070 72 ) (230.664459 185.331116 248 ) 
4 56 64 (219.998047 170.666016 68 ) (219.998047 170.666016 8 ) (230.664368 185.331055 8 ) (230.664398 185.331070 68 ) 
4 56 57 (230.664368 185.331055 8 ) (316.975830 304 8 ) (316.976196 304 248 ) (230.664459 185.331116 248 ) 
4 57 63 (230.666016 185.332031 248 ) (230.666016 185.332031 72 ) (245.333527 196 72 ) (245.333786 196 248 ) 
4 57 64 (230.666016 185.332031 68 ) (230.666016 185.332031 8 ) (245.333435 196 8 ) (245.333527 196 68 ) 
4 57 58 (245.333435 196 8 ) (393.821655 304 8 ) (393.824402 304 248 ) (245.333786 196 248 ) 
4 58 84 (396 304 8 ) (468 304 8 ) (468 243.713470 8 ) (396 228.285187 8 ) 
4 58 63 (245.333984 196 248 ) (245.333984 196 72 ) (264 200 72 ) (264 200 248 ) 
4 58 64 (245.333984 196 68 ) (245.333984 196 8 ) (264 200 8 ) (264 200 68 ) 
4 58 61 (264 200 8 ) (283.608948 204.202118 8 ) (283.608948 204.202133 248 ) (264 200 248 ) 
4 58 59 (283.608948 204.202118 8 ) (468 243.713760 8 ) (468 243.713867 248 ) (283.608948 204.202133 248 ) 
4 59 91 (384 160 248 ) (315.758423 160 248 ) (315.758453 160 8 ) (384 160 8 ) 
4 59 84 (468 243.713470 8 ) (468 160 8 ) (396 160 8 ) (396 228.285187 8 ) 
4 59 69 (308 170.665497 72 ) (308 170.665558 248 ) (303.745758 176.515091 248 ) (303.745728 176.515091 72 ) 
4 59 70 (303.745728 176.515091 8 ) (308 170.665466 8 ) (308 170.665497 68 ) (303.745728 176.515091 68 ) 
4 59 67 (303.745728 176.515091 72 ) (303.745758 176.515091 248 ) (297.331360 185.334198 248 ) (297.331329 185.334213 72 ) 
4 59 68 (297.331329 185.334213 8 ) (303.745728 176.515091 8 ) (303.745728 176.515091 68 ) (297.331329 185.334213 68 ) 
4 59 62 (290.848969 194.246750 8 ) (297.331329 185.334213 8 ) (297.331360 185.334198 248 ) (290.848969 194.246765 248 ) 
4 59 61 (283.607422 204.203110 248 ) (283.607422 204.203125 8 ) (290.848969 194.246750 8 ) (290.848969 194.246765 248 ) 
4 59 60 (308 170.665466 8 ) (315.757629 160 8 ) (315.757690 160 248 ) (308 170.665558 248 ) 
4 60 100 (313.714264 160 248 ) (310.285767 160 248 ) (310.285767 160 8 ) (313.714264 160 8 ) 
4 60 91 (315.758423 160 248 ) (313.714264 160 248 ) (313.714264 160 8 ) (315.758453 160 8 ) 
4 60 69 (308 170.664063 248 ) (308 170.664063 72 ) (310.286102 160 72 ) (310.286072 160 248 ) 
4 60 70 (308 170.664063 68 ) (308 170.664063 8 ) (310.286102 160 8 ) (310.286102 160 68 ) 
4 61 65 (282.665222 196.001312 72 ) (282.665222 196.001312 248 ) (277.601105 197.086472 248 ) (277.601105 197.086472 72 ) 
4 61 66 (277.601105 197.086472 8 ) (282.665222 196.001312 8 ) (282.665222 196.001312 68 ) (277.601105 197.086472 68 ) 
4 61 63 (264.001129 200 248 ) (264.001129 200 72 ) (277.601105 197.086472 72 ) (277.601105 197.086472 248 ) 
4 61 64 (264.001129 200 68 ) (264.001129 200 8 ) (277.601105 197.086472 8 ) (277.601105 197.086472 68 ) 
4 61 62 (282.665222 196.001312 8 ) (290.850342 194.247375 8 ) (290.850342 194.247375 248 ) (282.665222 196.001312 248 ) 
4 62 67 (297.337372 185.326996 72 ) (297.337372 185.326996 248 ) (290.385040 190.383698 248 ) (290.385040 190.383698 72 ) 
4 62 68 (290.385040 190.383698 8 ) (297.337372 185.326996 8 ) (297.337372 185.326996 68 ) (290.385040 190.383698 68 ) 
4 62 65 (282.666016 195.998047 248 ) (282.666016 195.998047 72 ) (290.385040 190.383698 72 ) (290.385040 190.383698 248 ) 
4 62 66 (282.666016 195.998047 68 ) (282.666016 195.998047 8 ) (290.385040 190.383698 8 ) (290.385040 190.383698 68 ) 
4 63 120 (250.626221 160 248 ) (249.713913 160 248 ) (249.713913 160 72 ) (250.626221 160 72 ) 
4 63 117 (249.713913 160 248 ) (246.286102 160 248 ) (246.286102 160 72 ) (249.713913 160 72 ) 
4 63 115 (246.286102 160 248 ) (238.988586 160 248 ) (238.988586 160 72 ) (246.286102 160 72 ) 
4 63 113 (238.988586 160 248 ) (226.614182 160 248 ) (226.614182 160 72 ) (238.988586 160 72 ) 
4 63 111 (226.614182 160 248 ) (217.714249 160 248 ) (217.714264 160 72 ) (226.614182 160 72 ) 
4 63 65 (277.602417 197.085495 72 ) (277.602417 197.085495 248 ) (252.893356 163.114166 248 ) (252.893356 163.114166 72 ) 
4 64 122 (249.713913 160 8 ) (250.626221 160 8 ) (250.626221 160 68 ) (249.713913 160 68 ) 
4 64 118 (246.286102 160 8 ) (249.713913 160 8 ) (249.713913 160 68 ) (246.286102 160 68 ) 
4 64 116 (238.988586 160 8 ) (246.286102 160 8 ) (246.286102 160 68 ) (238.988586 160 68 ) 
4 64 114 (226.614182 160 8 ) (238.988586 160 8 ) (238.988586 160 68 ) (226.614197 160 68 ) 
4 64 112 (217.714264 160 68 ) (217.714264 160 8 ) (226.614182 160 8 ) (226.614197 160 68 ) 
4 64 66 (252.893356 163.114166 8 ) (277.602417 197.085495 8 ) (277.602417 197.085495 68 ) (252.893356 163.114166 68 ) 
4 65 67 (257.774017 166.666153 72 ) (290.385834 190.386627 72 ) (290.385834 190.386627 248 ) (257.774048 166.666153 248 ) 
4 66 68 (257.774017 166.666153 8 ) (290.385834 190.386627 8 ) (290.385834 190.386627 68 ) (257.774017 166.666153 68 ) 
4 67 71 (264 168 72 ) (270.536194 169.400665 72 ) (270.536194 169.400665 248 ) (264 168 248 ) 
4 67 69 (270.536194 169.400665 72 ) (303.746094 176.515747 72 ) (303.746094 176.515747 248 ) (270.536194 169.400665 248 ) 
4 68 73 (264 168 8 ) (270.536194 169.400665 8 ) (270.536194 169.400665 68 ) (264 168 68 ) 
4 68 70 (270.536194 169.400665 8 ) (303.746094 176.515747 8 ) (303.746094 176.515747 68 ) (270.536194 169.400665 68 ) 
4 69 119 (281.713928 160 248 ) (277.373779 160 248 ) (277.373779 160 72 ) (281.713928 160 72 ) 
4 69 101 (310.285767 160 248 ) (281.713928 160 248 ) (281.713928 160 72 ) (310.285767 160 72 ) 
4 69 72 (272.950439 166.082458 72 ) (275.112701 163.109741 72 ) (275.112701 163.109741 248 ) (272.950439 166.082458 248 ) 
4 69 71 (270.537109 169.400391 248 ) (270.537109 169.400391 72 ) (272.950439 166.082458 72 ) (272.950439 166.082458 248 ) 
4 70 123 (277.373779 160 68 ) (277.373779 160 8 ) (281.713928 160 8 ) (281.713928 160 68 ) 
4 70 102 (281.713928 160 8 ) (310.285767 160 8 ) (310.285767 160 68 ) (281.713928 160 68 ) 
4 70 74 (272.950439 166.082458 8 ) (275.112701 163.109741 8 ) (275.112701 163.109741 68 ) (272.950439 166.082458 68 ) 
4 70 73 (270.537109 169.400391 68 ) (270.537109 169.400391 8 ) (272.950439 166.082458 8 ) (272.950439 166.082458 68 ) 
4 71 72 (270.221283 166.667511 72 ) (272.953125 166.082031 72 ) (272.953125 166.082031 248 ) (270.221283 166.667511 248 ) 
4 73 74 (272.949219 166.083008 8 ) (272.949219 166.083008 68 ) (270.221466 166.667404 68 ) (270.221466 166.667404 8 ) 
4 75 125 (0 160 72 ) (0 160 248 ) (0 304 248 ) (0 304 72 ) 
4 75 98 (205.204651 160 248 ) (200.604263 160 248 ) (200.604294 160 72 ) (205.204681 160 72 ) 
4 75 97 (200.604263 160 248 ) (173.838562 160 248 ) (173.838531 160 72 ) (200.604294 160 72 ) 
4 75 96 (173.838562 160 248 ) (2.632065 160 248 ) (2.632058 160 72 ) (173.838531 160 72 ) 
4 75 95 (2.632065 160 248 ) (0 160 248 ) (0 160 72 ) (2.632058 160 72 ) 
3 75 82 (218.060196 304 72 ) (219.428482 304 72 ) (220 301.333008 72 ) 
3 75 81 (206.835922 304 72 ) (218.060196 304 72 ) (230.667023 286.666962 72 ) 
3 75 80 (114.663872 304 72 ) (206.835922 304 72 ) (245.332962 276 72 ) 
4 75 79 (0 304 72 ) (114.663872 304 72 ) (264 272 72 ) (0 215.429565 72 ) 
4 75 78 (282.667053 276 72 ) (123.178940 160 72 ) (0 160 72 ) (0 215.429565 72 ) 
3 75 77 (297.339294 286.671539 72 ) (205.207611 160 72 ) (123.178940 160 72 ) 
3 75 76 (308.571503 304 72 ) (309.942749 304 72 ) (307.998779 301.327240 72 ) 
3 76 83 (308.571503 304 68 ) (309.942749 304 68 ) (307.998779 301.327240 68 ) 
4 77 98 (200.604294 160 68 ) (205.204681 160 68 ) (205.204681 160 72 ) (200.604294 160 72 ) 
4 77 97 (173.838547 160 68 ) (200.604294 160 68 ) (200.604294 160 72 ) (173.838547 160 72 ) 
4 77 96 (123.178940 160 68 ) (173.838547 160 68 ) (173.838547 160 72 ) (123.178940 160 72 ) 
4 77 78 (282.669525 276 68 ) (123.180710 160 68 ) (123.179688 160 72 ) (282.666016 276 72 ) 
3 77 83 (297.339294 286.671539 68 ) (205.207611 160 68 ) (123.178940 160 68 ) 
4 78 125 (0 160 68 ) (0 160 72 ) (0 215.429565 72 ) (0 215.429581 68 ) 
4 78 96 (2.632059 160 68 ) (123.178940 160 68 ) (123.178940 160 72 ) (2.632065 160 72 ) 
4 78 95 (0 160 72 ) (0 160 68 ) (2.632059 160 68 ) (2.632065 160 72 ) 
4 78 79 (264 272 68 ) (0 215.429214 68 ) (0 215.428955 72 ) (264 272 72 ) 
4 78 83 (282.667053 276 68 ) (123.178940 160 68 ) (0 160 68 ) (0 215.429565 68 ) 
4 79 125 (0 215.429565 72 ) (0 304 72 ) (0 304 68 ) (0 215.429581 68 ) 
4 79 80 (245.333603 276 68 ) (114.662308 304 68 ) (114.664063 304 72 ) (245.333511 276 72 ) 
4 79 83 (0 304 68 ) (114.663872 304 68 ) (264 272 68 ) (0 215.429565 68 ) 
4 80 81 (230.667267 286.666626 68 ) (206.835724 304 68 ) (206.835938 304 72 ) (230.667175 286.666748 72 ) 
3 80 83 (114.663872 304 68 ) (206.835922 304 68 ) (245.332962 276 68 ) 
4 81 82 (220 301.328674 68 ) (218.057983 304 68 ) (218.058594 304 72 ) (220 301.329651 72 ) 
3 81 83 (206.835922 304 68 ) (218.060196 304 68 ) (230.667023 286.666962 68 ) 
3 82 83 (218.060196 304 68 ) (219.428482 304 68 ) (220 301.333008 68 ) 
4 83 128 (0 160 8 ) (0 160 64 ) (0 176 64 ) (0 176 8 ) 
4 83 126 (0 176 64 ) (0 304 64 ) (0 304 8 ) (0 176 8 ) 
4 83 125 (0 160 64 ) (0 160 68 ) (0 304 68 ) (0 304 64 ) 
4 83 98 (200.604294 160 8 ) (205.204681 160 8 ) (205.204681 160 68 ) (200.604294 160 68 ) 
4 83 97 (173.838531 160 8 ) (200.604294 160 8 ) (200.604294 160 68 ) (173.838531 160 68 ) 
4 83 96 (2.632058 160 8 ) (173.838531 160 8 ) (173.838531 160 68 ) (2.632065 160 68 ) 
4 83 95 (0 160 68 ) (0 160 8 ) (2.632058 160 8 ) (2.632065 160 68 ) 
4 84 89 (408 304 0 ) (420 304 0 ) (420 160 0 ) (408 160 0 ) 
4 84 88 (420 304 0 ) (432 304 0 ) (432 160 0 ) (420 160 0 ) 
4 84 87 (432 304 0 ) (444 304 0 ) (444 160 0 ) (432 160 0 ) 
4 84 86 (444 304 0 ) (456 304 0 ) (456 160 0 ) (444 160 0 ) 
4 84 85 (456 304 0 ) (468 304 0 ) (468 160 0 ) (456 160 0 ) 
4 85 86 (456 160 -32 ) (456 160 0 ) (456 304 0 ) (456 304 -32 ) 
4 86 87 (444 160 -24 ) (444 160 0 ) (444 304 0 ) (444 304 -24 ) 
4 87 88 (432 160 -16 ) (432 160 0 ) (432 304 0 ) (432 304 -16 ) 
4 88 89 (420 160 -8 ) (420 160 0 ) (420 304 0 ) (420 304 -8 ) 
4 90 132 (1024 0 -120 ) (1024 0 248 ) (752 0 248 ) (752 0 -120 ) 
4 91 133 (384 0 8 ) (384 0 248 ) (279.429169 0 248 ) (279.429169 0 8 ) 
4 91 101 (308 133.332275 72 ) (308 133.332199 248 ) (312 152 248 ) (312 152 72 ) 
4 91 102 (312 152 8 ) (308 133.332291 8 ) (308 133.332275 68 ) (312 152 68 ) 
4 91 100 (313.713898 160 8 ) (312 152 8 ) (312 152 248 ) (313.713867 160 248 ) 
4 91 92 (308 133.332291 8 ) (279.428802 0 8 ) (279.428741 0 248 ) (308 133.332199 248 ) 
4 92 133 (279.429169 0 248 ) (211.023132 0 248 ) (211.023148 0 8 ) (279.429169 0 8 ) 
4 92 101 (307.996094 133.328125 248 ) (307.996094 133.328125 72 ) (297.332245 118.666451 72 ) (297.332367 118.666534 248 ) 
4 92 102 (307.996094 133.328125 68 ) (307.996094 133.328125 8 ) (297.332214 118.666420 8 ) (297.332245 118.666451 68 ) 
4 92 93 (297.332214 118.666420 8 ) (211.022766 0 8 ) (211.023438 0 248 ) (297.332367 118.666534 248 ) 
4 93 133 (211.023132 0 248 ) (134.178223 0 248 ) (134.178223 0 8 ) (211.023148 0 8 ) 
4 93 101 (297.337891 118.669930 248 ) (297.337891 118.669922 72 ) (282.668243 108 72 ) (282.668335 108 248 ) 
4 93 102 (297.337891 118.669922 68 ) (297.337891 118.669922 8 ) (282.668213 108 8 ) (282.668243 108 68 ) 
4 93 94 (282.668213 108 8 ) (134.179077 0 8 ) (134.180283 0 248 ) (282.668335 108 248 ) 
4 94 133 (134.178223 0 248 ) (0 0 248 ) (0 0 8 ) (134.178223 0 8 ) 
4 94 128 (0 0 8 ) (0 0 64 ) (0 47.429565 64 ) (0 47.429565 8 ) 
4 94 125 (0 0 64 ) (0 0 248 ) (0 47.429562 248 ) (0 47.429565 64 ) 
4 94 103 (263.983124 103.997223 72 ) (263.983154 103.997215 248 ) (269.991669 105.284737 248 ) (269.991669 105.284744 72 ) 
4 94 104 (269.991669 105.284744 8 ) (263.983124 103.997223 8 ) (263.983124 103.997223 68 ) (269.991669 105.284744 68 ) 
4 94 101 (282.669922 108.001465 248 ) (282.669922 108.001465 72 ) (269.991669 105.284744 72 ) (269.991669 105.284737 248 ) 
4 94 102 (282.669922 108.001465 68 ) (282.669922 108.001465 8 ) (269.991669 105.284744 8 ) (269.991669 105.284744 68 ) 
4 94 95 (263.983124 103.997223 8 ) (0 47.430393 8 ) (0 47.430161 248 ) (263.983154 103.997215 248 ) 
4 95 128 (0 160 64 ) (0 160 8 ) (0 47.429565 8 ) (0 47.429565 64 ) 
4 95 125 (0 47.429562 248 ) (0 160 248 ) (0 160 64 ) (0 47.429565 64 ) 
4 95 105 (245.347092 107.989731 72 ) (245.347076 107.989746 248 ) (250.395020 106.908058 248 ) (250.395020 106.908051 72 ) 
4 95 106 (250.395020 106.908043 8 ) (245.347092 107.989723 8 ) (245.347092 107.989731 68 ) (250.395020 106.908051 68 ) 
4 95 103 (263.984375 103.996094 248 ) (263.984375 103.996094 72 ) (250.395020 106.908051 72 ) (250.395020 106.908058 248 ) 
4 95 104 (263.984375 103.996094 68 ) (263.984375 103.996094 8 ) (250.395020 106.908043 8 ) (250.395020 106.908051 68 ) 
4 95 96 (245.347092 107.989723 8 ) (2.628052 160 8 ) (2.628906 160 248 ) (245.347076 107.989746 248 ) 
4 96 107 (230.667130 118.666824 72 ) (230.667557 118.666214 248 ) (237.612930 113.614830 248 ) (237.613037 113.614906 72 ) 
4 96 108 (237.613083 113.614929 8 ) (230.666962 118.667046 8 ) (230.667114 118.666840 68 ) (237.613037 113.614906 68 ) 
4 96 105 (245.343750 107.992188 248 ) (245.343750 107.992188 72 ) (237.613037 113.614906 72 ) (237.612930 113.614830 248 ) 
4 96 106 (245.343750 107.992188 68 ) (245.343750 107.992188 8 ) (237.613083 113.614929 8 ) (237.613037 113.614906 68 ) 
4 96 97 (230.666962 118.667046 8 ) (173.838562 160 8 ) (173.835938 160 248 ) (230.667557 118.666214 248 ) 
4 97 109 (220 133.336121 72 ) (220 133.335876 248 ) (224.254944 127.485054 248 ) (224.255005 127.485062 72 ) 
4 97 110 (224.255035 127.485069 8 ) (220 133.336197 8 ) (220 133.336121 68 ) (224.255005 127.485062 68 ) 
4 97 107 (230.667969 118.667969 248 ) (230.667969 118.667969 72 ) (224.255005 127.485062 72 ) (224.254944 127.485054 248 ) 
4 97 108 (230.667969 118.667969 68 ) (230.667969 118.667969 8 ) (224.255035 127.485069 8 ) (224.255005 127.485062 68 ) 
4 97 98 (220 133.336197 8 ) (200.605957 160 8 ) (200.605469 160 248 ) (220 133.335876 248 ) 
4 98 111 (216 152 72 ) (216 151.998810 248 ) (217.283432 146.008514 248 ) (217.283554 146.008484 72 ) 
4 98 112 (217.283600 146.008469 8 ) (216 152 8 ) (216 152 68 ) (217.283554 146.008484 68 ) 
4 98 109 (220 133.333984 248 ) (220 133.333984 72 ) (217.283554 146.008484 72 ) (217.283432 146.008514 248 ) 
4 98 110 (220 133.333984 68 ) (220 133.333984 8 ) (217.283600 146.008469 8 ) (217.283554 146.008484 68 ) 
4 98 99 (216 152 8 ) (214.285477 160 8 ) (214.285156 160 248 ) (216 151.998810 248 ) 
4 99 111 (216 151.994141 248 ) (216 151.994141 72 ) (217.714539 160 72 ) (217.714539 160 248 ) 
4 99 112 (216 151.994141 68 ) (216 151.994141 8 ) (217.714539 160 8 ) (217.714539 160 68 ) 
4 100 101 (312 152.001663 72 ) (312 152.001663 248 ) (310.286469 160 248 ) (310.286469 160 72 ) 
4 100 102 (310.286469 160 8 ) (312 152.001663 8 ) (312 152.001663 68 ) (310.286469 160 68 ) 
4 101 121 (280 152.001266 248 ) (280.725983 155.391190 248 ) (280.725983 155.391190 72 ) (280 152.001266 72 ) 
4 101 119 (280.725983 155.391190 248 ) (281.713379 160 248 ) (281.713379 160 72 ) (280.725983 155.391190 72 ) 
4 101 103 (269.990875 105.283737 72 ) (269.990875 105.283737 248 ) (278.666199 145.776886 248 ) (278.666199 145.776886 72 ) 
4 102 124 (280.725983 155.391190 8 ) (280 152.001266 8 ) (280 152.001266 68 ) (280.725983 155.391190 68 ) 
4 102 123 (281.713379 160 8 ) (280.725983 155.391190 8 ) (280.725983 155.391190 68 ) (281.713379 160 68 ) 
4 102 104 (278.666199 145.776886 8 ) (269.990875 105.283737 8 ) (269.990875 105.283737 68 ) (278.666199 145.776886 68 ) 
4 103 105 (275.112854 140.890366 72 ) (250.396027 106.908691 72 ) (250.396027 106.908691 248 ) (275.112854 140.890366 248 ) 
4 104 106 (275.112854 140.890366 8 ) (250.396027 106.908691 8 ) (250.396027 106.908691 68 ) (275.112854 140.890366 68 ) 
4 105 107 (270.227234 137.334106 72 ) (237.614822 113.613640 72 ) (237.614822 113.613640 248 ) (270.227234 137.334106 248 ) 
4 106 108 (270.227234 137.334106 8 ) (237.614822 113.613640 8 ) (237.614822 113.613640 68 ) (270.227234 137.334106 68 ) 
4 107 109 (264 136 72 ) (224.253357 127.485069 72 ) (224.253357 127.485069 248 ) (264 136 248 ) 
4 108 110 (264 136 8 ) (224.253357 127.485069 8 ) (224.253357 127.485069 68 ) (264 136 68 ) 
4 109 111 (257.778229 137.332840 72 ) (217.283859 146.008575 72 ) (217.283859 146.008575 248 ) (257.778229 137.332840 248 ) 
4 110 112 (257.778229 137.332840 8 ) (217.283859 146.008575 8 ) (217.283859 146.008575 68 ) (257.778229 137.332840 68 ) 
4 111 113 (252.894745 140.881088 72 ) (226.609116 160 72 ) (226.609116 160 248 ) (252.894745 140.881088 248 ) 
4 112 114 (252.894745 140.881088 8 ) (226.609116 160 8 ) (226.609116 160 68 ) (252.894745 140.881088 68 ) 
4 113 115 (249.333801 145.774292 72 ) (238.987030 160 72 ) (238.987030 160 248 ) (249.333801 145.774292 248 ) 
4 114 116 (249.333801 145.774292 8 ) (238.987030 160 8 ) (238.987030 160 68 ) (249.333801 145.774292 68 ) 
4 115 117 (248 152 72 ) (246.285873 160 72 ) (246.285873 160 248 ) (248 152 248 ) 
4 116 118 (248 152 8 ) (246.285873 160 8 ) (246.285873 160 68 ) (248 152 68 ) 
4 117 120 (249.332993 158.222000 72 ) (249.713913 160 72 ) (249.713913 160 248 ) (249.332993 158.222000 248 ) 
4 118 122 (249.332993 158.222000 8 ) (249.713913 160 8 ) (249.713913 160 68 ) (249.332993 158.222000 68 ) 
4 119 121 (280.727020 155.393478 72 ) (280.727020 155.393478 248 ) (278.665833 158.227295 248 ) (278.665833 158.227295 72 ) 
4 123 124 (278.665833 158.227386 8 ) (280.727051 155.393585 8 ) (280.727051 155.393585 68 ) (278.665833 158.227386 68 ) 
4 125 139 (-80 0 248 ) (-128 0 248 ) (-128 0 64 ) (-80 0 64 ) 
4 125 138 (0 0 64 ) (0 0 248 ) (-80 0 248 ) (-80 0 64 ) 
4 125 141 (-128 0 248 ) (-192 0 248 ) (-192 0 64 ) (-128 0 64 ) 
4 125 130 (-192 224 248 ) (-192 520 248 ) (-192 520 64 ) (-192 224 64 ) 
4 125 128 (0 0 64 ) (-80 0 64 ) (-80 176 64 ) (0 176 64 ) 
4 125 129 (-128 0 64 ) (-192 0 64 ) (-192 176 64 ) (-128 176 64 ) 
4 125 127 (-192 224 64 ) (-192 520 64 ) (-80 520 64 ) (-80 224 64 ) 
4 125 126 (-80 520 64 ) (0 520 64 ) (0 176 64 ) (-80 176 64 ) 
4 126 128 (-80 176 8 ) (0 176 8 ) (0 176 64 ) (-80 176 64 ) 
4 126 127 (-80 520 8 ) (-80 224 8 ) (-80 224 64 ) (-80 520 64 ) 
4 127 130 (-192 224 64 ) (-192 520 64 ) (-192 520 8 ) (-192 224 8 ) 
4 128 138 (0 0 8 ) (0 0 64 ) (-80 0 64 ) (-80 0 8 ) 
4 129 141 (-128 0 64 ) (-192 0 64 ) (-192 0 8 ) (-128 0 8 ) 
4 131 132 (1024 0 248 ) (1024 0 -120 ) (1024 -240 -120 ) (1024 -240 248 ) 
4 133 138 (0 0 248 ) (0 0 8 ) (0 -136 8 ) (0 -136 248 ) 
4 133 134 (192 -136 248 ) (0 -136 248 ) (0 -136 8 ) (192 -136 8 ) 
4 134 138 (0 -248 8 ) (0 -248 248 ) (0 -136 248 ) (0 -136 8 ) 
4 134 135 (192 -248 8 ) (192 -248 248 ) (0 -248 248 ) (0 -248 8 ) 
4 135 138 (0 -512 8 ) (0 -512 248 ) (0 -248 248 ) (0 -248 8 ) 
4 135 136 (472 -512 8 ) (648 -512 8 ) (648 -512 248 ) (472 -512 248 ) 
4 136 137 (648 -520 8 ) (648 -520 248 ) (472 -520 248 ) (472 -520 8 ) 
4 137 262 (840 -1024 8 ) (840 -1024 248 ) (0 -1024 248 ) (0 -1024 8 ) 
4 137 261 (0 -1024 8 ) (0 -1024 248 ) (0 -936 248 ) (0 -936 8 ) 
4 137 247 (0 -928 64 ) (0 -928 8 ) (0 -936 8 ) (0 -936 64 ) 
4 137 246 (0 -928 192 ) (0 -928 64 ) (0 -936 64 ) (0 -936 192 ) 
4 137 245 (0 -928 200 ) (0 -928 192 ) (0 -936 192 ) (0 -936 200 ) 
4 137 244 (0 -936 248 ) (0 -928 248 ) (0 -928 200 ) (0 -936 200 ) 
4 137 143 (0 -928 248 ) (0 -520 248 ) (0 -520 8 ) (0 -928 8 ) 
4 138 142 (-80 -512 144 ) (-80 -512 8 ) (-64 -512 8 ) (-64 -512 144 ) 
4 138 139 (-80 -40 64 ) (-80 -40 248 ) (-80 0 248 ) (-80 0 64 ) 
4 138 140 (-80 -40 8 ) (-80 -512 8 ) (-80 -512 248 ) (-80 -40 248 ) 
4 139 140 (-128 -40 248 ) (-128 -40 64 ) (-80 -40 64 ) (-80 -40 248 ) 
4 139 141 (-128 -40 64 ) (-128 -40 248 ) (-128 0 248 ) (-128 0 64 ) 
4 140 142 (-128 -512 144 ) (-128 -512 8 ) (-80 -512 8 ) (-80 -512 144 ) 
4 140 141 (-128 -40 8 ) (-128 -512 8 ) (-128 -512 248 ) (-128 -40 248 ) 
4 141 142 (-152 -512 144 ) (-152 -512 8 ) (-128 -512 8 ) (-128 -512 144 ) 
4 142 211 (-64 -520 8 ) (-64 -520 144 ) (-152 -520 144 ) (-152 -520 8 ) 
4 143 247 (0 -928 8 ) (0 -928 64 ) (-8 -928 64 ) (-8 -928 8 ) 
4 143 246 (0 -928 64 ) (0 -928 192 ) (-8 -928 192 ) (-8 -928 64 ) 
4 143 245 (0 -928 192 ) (0 -928 200 ) (-8 -928 200 ) (-8 -928 192 ) 
4 143 244 (0 -928 200 ) (0 -928 248 ) (-8 -928 248 ) (-8 -928 200 ) 
4 143 210 (-8 -760 8 ) (-8 -864 8 ) (-8 -864 64 ) (-8 -760 64 ) 
4 143 209 (-8 -872 64 ) (-8 -928 64 ) (-8 -928 76 ) (-8 -872 76 ) 
4 143 208 (-8 -928 80 ) (-8 -928 92 ) (-8 -872 92 ) (-8 -872 80 ) 
4 143 207 (-8 -928 96 ) (-8 -928 108 ) (-8 -872 108 ) (-8 -872 96 ) 
4 143 205 (-8 -928 128 ) (-8 -928 140 ) (-8 -872 140 ) (-8 -872 128 ) 
4 143 206 (-8 -928 112 ) (-8 -928 124 ) (-8 -872 124 ) (-8 -872 112 ) 
4 143 203 (-8 -928 160 ) (-8 -928 172 ) (-8 -872 172 ) (-8 -872 160 ) 
4 143 204 (-8 -928 144 ) (-8 -928 156 ) (-8 -872 156 ) (-8 -872 144 ) 
4 143 202 (-8 -928 176 ) (-8 -928 192 ) (-8 -872 192 ) (-8 -872 176 ) 
4 143 201 (-8 -760 64 ) (-8 -864 64 ) (-8 -864 140 ) (-8 -760 140 ) 
4 143 200 (-8 -760 144 ) (-8 -864 144 ) (-8 -864 156 ) (-8 -760 156 ) 
4 143 199 (-8 -864 172 ) (-8 -760 172 ) (-8 -760 160 ) (-8 -864 160 ) 
4 143 198 (-8 -864 192 ) (-8 -760 192 ) (-8 -760 176 ) (-8 -864 176 ) 
4 143 197 (-8 -688 64 ) (-8 -752 64 ) (-8 -752 76 ) (-8 -688 76 ) 
4 143 196 (-8 -600 64 ) (-8 -680 64 ) (-8 -680 76 ) (-8 -600 76 ) 
4 143 194 (-8 -680 92 ) (-8 -600 92 ) (-8 -600 80 ) (-8 -680 80 ) 
4 143 195 (-8 -752 80 ) (-8 -752 92 ) (-8 -688 92 ) (-8 -688 80 ) 
4 143 193 (-8 -752 96 ) (-8 -752 108 ) (-8 -688 108 ) (-8 -688 96 ) 
4 143 192 (-8 -680 108 ) (-8 -600 108 ) (-8 -600 96 ) (-8 -680 96 ) 
4 143 191 (-8 -752 112 ) (-8 -752 124 ) (-8 -688 124 ) (-8 -688 112 ) 
4 143 190 (-8 -600 124 ) (-8 -600 112 ) (-8 -680 112 ) (-8 -680 124 ) 
4 143 188 (-8 -680 140 ) (-8 -600 140 ) (-8 -600 128 ) (-8 -680 128 ) 
4 143 189 (-8 -752 128 ) (-8 -752 140 ) (-8 -688 140 ) (-8 -688 128 ) 
4 143 187 (-8 -752 144 ) (-8 -752 156 ) (-8 -688 156 ) (-8 -688 144 ) 
4 143 186 (-8 -680 156 ) (-8 -600 156 ) (-8 -600 144 ) (-8 -680 144 ) 
4 143 184 (-8 -680 172 ) (-8 -600 172 ) (-8 -600 160 ) (-8 -680 160 ) 
4 143 185 (-8 -752 160 ) (-8 -752 172 ) (-8 -688 172 ) (-8 -688 160 ) 
4 143 183 (-8 -752 176 ) (-8 -752 192 ) (-8 -688 192 ) (-8 -688 176 ) 
4 143 182 (-8 -680 192 ) (-8 -600 192 ) (-8 -600 176 ) (-8 -680 176 ) 
4 143 144 (-8 -520 248 ) (-8 -520 200 ) (-8 -928 200 ) (-8 -928 248 ) 
3 144 250 (-16 -928 248 ) (-104 -928 248 ) (-16 -928 204 ) 
4 144 244 (-8 -928 200 ) (-8 -928 248 ) (-16 -928 248 ) (-16 -928 204 ) 
4 144 174 (-104 -864 248 ) (-104 -760 248 ) (-95.619019 -760 243.809509 ) (-95.619019 -864 243.809509 ) 
4 144 176 (-104 -928 248 ) (-104 -872 248 ) (-95.619019 -872 243.809509 ) (-95.619019 -928 243.809509 ) 
4 144 170 (-104 -752 248 ) (-104 -688 248 ) (-95.619019 -688 243.809509 ) (-95.619019 -752 243.809509 ) 
4 144 161 (-104 -592 248 ) (-104 -520 248 ) (-95.619019 -520 243.809509 ) (-95.619019 -592 243.809509 ) 
4 144 163 (-104 -680 248 ) (-104 -600 248 ) (-95.619019 -600 243.809509 ) (-95.619019 -680 243.809509 ) 
4 144 160 (-8 -872 200 ) (-8 -928 200 ) (-40 -928 216 ) (-40 -872 216 ) 
4 144 159 (-48 -928 220 ) (-64 -928 228 ) (-64 -872 228 ) (-48 -872 220 ) 
4 144 158 (-72 -928 232 ) (-95.619019 -928 243.809509 ) (-95.619019 -872 243.809509 ) (-72 -872 232 ) 
4 144 157 (-8 -760 200 ) (-8 -864 200 ) (-40 -864 216 ) (-40 -760 216 ) 
4 144 156 (-8 -688 200 ) (-8 -752 200 ) (-40 -752 216 ) (-40 -688 216 ) 
4 144 155 (-48 -864 220 ) (-64 -864 228 ) (-64 -760 228 ) (-48 -760 220 ) 
4 144 154 (-72 -864 232 ) (-95.619019 -864 243.809509 ) (-95.619019 -760 243.809509 ) (-72 -760 232 ) 
4 144 153 (-64 -688 228 ) (-48 -688 220 ) (-48 -752 220 ) (-64 -752 228 ) 
4 144 152 (-95.619019 -752 243.809509 ) (-95.619019 -688 243.809509 ) (-72 -688 232 ) (-72 -752 232 ) 
4 144 151 (-72 -680 232 ) (-95.619019 -680 243.809509 ) (-95.619019 -600 243.809509 ) (-72 -600 232 ) 
4 144 150 (-95.619019 -520 243.809509 ) (-72 -520 232 ) (-72 -592 232 ) (-95.619019 -592 243.809509 ) 
4 144 149 (-8 -600 200 ) (-8 -680 200 ) (-40 -680 216 ) (-40 -600 216 ) 
4 144 148 (-48 -680 220 ) (-64 -680 228 ) (-64 -600 228 ) (-48 -600 220 ) 
4 144 147 (-40 -520 216 ) (-8 -520 200 ) (-8 -592 200 ) (-40 -592 216 ) 
4 144 146 (-64 -520 228 ) (-48 -520 220 ) (-48 -592 220 ) (-64 -592 228 ) 
3 145 249 (-104 -928 240 ) (-192 -928 200 ) (-16 -928 200 ) 
4 145 211 (-192 -520 200 ) (-16 -520 200 ) (-16 -928 200 ) (-192 -928 200 ) 
4 145 181 (-192 -872 200 ) (-192 -928 200 ) (-164.500031 -928 212.500031 ) (-164.500031 -872 212.500031 ) 
4 145 180 (-156.250031 -928 216.250031 ) (-139.750046 -928 223.750031 ) (-139.750046 -872 223.750031 ) (-156.250031 -872 216.250031 ) 
4 145 179 (-192 -760 200 ) (-192 -864 200 ) (-164.500031 -864 212.500031 ) (-164.500031 -760 212.500031 ) 
4 145 178 (-156.250031 -864 216.250031 ) (-139.750046 -864 223.750031 ) (-139.750046 -760 223.750031 ) (-156.250031 -760 216.250031 ) 
4 145 174 (-104 -864 240 ) (-104 -760 240 ) (-131.500046 -760 227.500046 ) (-131.500046 -864 227.500046 ) 
4 145 176 (-131.500046 -928 227.500046 ) (-104 -928 240 ) (-104 -872 240 ) (-131.500046 -872 227.500046 ) 
4 145 172 (-192 -688 200 ) (-192 -752 200 ) (-164.500015 -752 212.500015 ) (-164.500031 -688 212.500031 ) 
4 145 171 (-156.250015 -752 216.250031 ) (-139.750046 -752 223.750031 ) (-139.750046 -688 223.750046 ) (-156.250031 -688 216.250031 ) 
4 145 170 (-131.500046 -752 227.500046 ) (-104 -752 240 ) (-104 -688 240 ) (-131.500046 -688 227.500046 ) 
4 145 168 (-192 -600 200 ) (-192 -680 200 ) (-164.500015 -680 212.500015 ) (-164.500000 -600 212.500015 ) 
4 145 167 (-156.250031 -680 216.250015 ) (-139.750031 -680 223.750031 ) (-139.750031 -600 223.750031 ) (-156.250015 -600 216.250015 ) 
4 145 166 (-192 -520 200 ) (-192 -592 200 ) (-164.500015 -592 212.500015 ) (-164.500031 -520 212.500031 ) 
4 145 165 (-156.250031 -592 216.250015 ) (-139.750031 -592 223.750031 ) (-139.750046 -520 223.750031 ) (-156.250031 -520 216.250031 ) 
4 145 161 (-104 -592 240 ) (-104 -520 240 ) (-131.500031 -520 227.500046 ) (-131.500031 -592 227.500031 ) 
4 145 163 (-131.500046 -680 227.500031 ) (-104 -680 240 ) (-104 -600 240 ) (-131.500031 -600 227.500031 ) 
4 145 160 (-43.500122 -928 212.499680 ) (-16 -928 200 ) (-16 -872 200 ) (-43.500137 -872 212.499664 ) 
4 145 159 (-68.250397 -928 223.749802 ) (-51.750114 -928 216.249680 ) (-51.750134 -872 216.249664 ) (-68.250420 -872 223.749786 ) 
4 145 158 (-104.005524 -872 240.002106 ) (-104.005501 -928 240.002121 ) (-76.500389 -928 227.499802 ) (-76.500412 -872 227.499786 ) 
4 145 157 (-43.500134 -864 212.499664 ) (-16 -864 200 ) (-16 -760 200 ) (-43.500175 -760 212.499649 ) 
4 145 156 (-16 -752 200 ) (-16.001022 -688 200 ) (-43.500187 -688 212.499619 ) (-43.500175 -752 212.499634 ) 
4 145 155 (-68.250420 -864 223.749786 ) (-51.750141 -864 216.249664 ) (-51.750156 -760 216.249634 ) (-68.250443 -760 223.749771 ) 
4 145 154 (-104.005562 -760 240.002090 ) (-104.005524 -864 240.002106 ) (-76.500412 -864 227.499786 ) (-76.500443 -760 227.499771 ) 
4 145 153 (-68.250450 -752 223.749756 ) (-51.750156 -752 216.249634 ) (-51.750168 -688 216.249603 ) (-68.250473 -688 223.749741 ) 
4 145 152 (-104.005592 -688 240.002075 ) (-104.005562 -752 240.002090 ) (-76.500443 -752 227.499756 ) (-76.500465 -688 227.499741 ) 
4 145 151 (-104.005630 -600 240.002060 ) (-104.005592 -680 240.002075 ) (-76.500465 -680 227.499741 ) (-76.500473 -600 227.499725 ) 
4 145 150 (-104.005661 -520 240.002045 ) (-104.005630 -592 240.002060 ) (-76.500473 -592 227.499725 ) (-76.500504 -520 227.499710 ) 
4 145 149 (-16.001028 -680 200 ) (-16.001091 -600 200 ) (-43.500210 -600 212.499603 ) (-43.500191 -680 212.499619 ) 
4 145 148 (-51.750191 -600 216.249588 ) (-68.250488 -600 223.749725 ) (-68.250465 -680 223.749741 ) (-51.750172 -680 216.249603 ) 
4 145 147 (-16.001097 -592 200 ) (-16.001154 -520 200 ) (-43.500229 -520 212.499573 ) (-43.500214 -592 212.499603 ) 
4 145 146 (-51.750221 -520 216.249573 ) (-68.250519 -520 223.749710 ) (-68.250488 -592 223.749725 ) (-51.750195 -592 216.249588 ) 
4 150 161 (-95.619125 -592 243.809586 ) (-95.619125 -520 243.809586 ) (-104 -520 240 ) (-104 -592 240 ) 
4 151 163 (-95.619118 -680 243.809586 ) (-95.619125 -600 243.809586 ) (-104 -600 240 ) (-104 -680 240 ) 
4 152 170 (-95.619118 -752 243.809586 ) (-95.619118 -688 243.809586 ) (-104 -688 240 ) (-104 -752 240 ) 
4 154 174 (-95.619110 -864 243.809586 ) (-95.619118 -760 243.809586 ) (-104 -760 240 ) (-104 -864 240 ) 
4 158 176 (-104 -928 240 ) (-95.619110 -928 243.809586 ) (-95.619110 -872 243.809586 ) (-104 -872 240 ) 
4 161 164 (-136 -592 232 ) (-152 -592 248 ) (-152 -520 248 ) (-136 -520 232 ) 
3 161 162 (-152 -592 248 ) (-136 -592 232 ) (-104 -592 248 ) 
4 162 164 (-136 -600 232 ) (-152 -600 248 ) (-152 -592 248 ) (-136 -592 232 ) 
3 162 163 (-152 -600 248 ) (-136 -600 232 ) (-104 -600 248 ) 
3 163 169 (-104 -680 248 ) (-152 -680 248 ) (-136 -680 232 ) 
4 163 164 (-136 -680 232 ) (-152 -680 248 ) (-152 -600 248 ) (-136 -600 232 ) 
4 164 169 (-200 -680 200 ) (-136 -680 232 ) (-152 -680 248 ) (-200 -680 248 ) 
4 164 168 (-168 -680 216 ) (-200 -680 200 ) (-200 -600 200 ) (-168 -600 216 ) 
4 164 167 (-144 -680 228 ) (-160 -680 220 ) (-160 -600 220 ) (-144 -600 228 ) 
4 164 166 (-200 -592 200 ) (-200 -520 200 ) (-168 -520 216 ) (-168 -592 216 ) 
4 164 165 (-160 -520 220 ) (-144 -520 228 ) (-144 -592 228 ) (-160 -592 220 ) 
3 169 173 (-200 -752 200 ) (-104 -752 248 ) (-200 -752 248 ) 
4 169 172 (-168 -752 216 ) (-200 -752 200 ) (-200 -688 200 ) (-168 -688 216 ) 
4 169 171 (-144 -752 228 ) (-160 -752 220 ) (-160 -688 220 ) (-144 -688 228 ) 
4 169 170 (-104 -752 248 ) (-136 -752 232 ) (-136 -688 232 ) (-104 -688 248 ) 
4 173 177 (-200 -760 200 ) (-136 -760 232 ) (-152 -760 248 ) (-200 -760 248 ) 
3 173 174 (-136 -760 232 ) (-104 -760 248 ) (-152 -760 248 ) 
4 174 177 (-152 -760 248 ) (-136 -760 232 ) (-136 -864 232 ) (-152 -864 248 ) 
3 174 175 (-152 -864 248 ) (-136 -864 232 ) (-104 -864 248 ) 
4 175 177 (-136 -872 232 ) (-152 -872 248 ) (-152 -864 248 ) (-136 -864 232 ) 
3 175 176 (-152 -872 248 ) (-136 -872 232 ) (-104 -872 248 ) 
3 176 248 (-104 -928 248 ) (-152 -928 248 ) (-136 -928 232 ) 
4 176 177 (-136 -928 232 ) (-152 -928 248 ) (-152 -872 248 ) (-136 -872 232 ) 
4 177 248 (-152 -928 248 ) (-200 -928 248 ) (-200 -928 200 ) (-136 -928 232 ) 
4 177 181 (-200 -928 200 ) (-200 -872 200 ) (-168 -872 216 ) (-168 -928 216 ) 
4 177 180 (-160 -872 220 ) (-144 -872 228 ) (-144 -928 228 ) (-160 -928 220 ) 
4 177 179 (-200 -864 200 ) (-200 -760 200 ) (-168 -760 216 ) (-168 -864 216 ) 
4 177 178 (-160 -760 220 ) (-144 -760 228 ) (-144 -864 228 ) (-160 -864 220 ) 
4 182 211 (-16 -680 192 ) (-16 -600 192 ) (-16 -600 176 ) (-16 -680 176 ) 
4 183 211 (-16 -752 192 ) (-16 -688 192 ) (-16 -688 176 ) (-16 -752 176 ) 
4 184 211 (-16 -600 172 ) (-16 -600 160 ) (-16 -680 160 ) (-16 -680 172 ) 
4 185 211 (-16 -688 160 ) (-16 -752 160 ) (-16 -752 172 ) (-16 -688 172 ) 
4 186 211 (-16 -600 156 ) (-16 -600 144 ) (-16 -680 144 ) (-16 -680 156 ) 
4 187 211 (-16 -752 144 ) (-16 -752 156 ) (-16 -688 156 ) (-16 -688 144 ) 
4 188 211 (-16 -600 140 ) (-16 -600 128 ) (-16 -680 128 ) (-16 -680 140 ) 
4 189 211 (-16 -688 128 ) (-16 -752 128 ) (-16 -752 140 ) (-16 -688 140 ) 
4 190 211 (-16 -600 124 ) (-16 -600 112 ) (-16 -680 112 ) (-16 -680 124 ) 
4 191 211 (-16 -688 112 ) (-16 -752 112 ) (-16 -752 124 ) (-16 -688 124 ) 
4 192 211 (-16 -600 108 ) (-16 -600 96 ) (-16 -680 96 ) (-16 -680 108 ) 
4 193 211 (-16 -752 96 ) (-16 -752 108 ) (-16 -688 108 ) (-16 -688 96 ) 
4 194 211 (-16 -600 92 ) (-16 -600 80 ) (-16 -680 80 ) (-16 -680 92 ) 
4 195 211 (-16 -688 80 ) (-16 -752 80 ) (-16 -752 92 ) (-16 -688 92 ) 
4 196 211 (-16 -600 76 ) (-16 -600 64 ) (-16 -680 64 ) (-16 -680 76 ) 
4 197 211 (-16 -688 64 ) (-16 -752 64 ) (-16 -752 76 ) (-16 -688 76 ) 
4 198 211 (-16 -864 192 ) (-16 -760 192 ) (-16 -760 176 ) (-16 -864 176 ) 
4 199 211 (-16 -760 160 ) (-16 -864 160 ) (-16 -864 172 ) (-16 -760 172 ) 
4 200 211 (-16 -760 144 ) (-16 -864 144 ) (-16 -864 156 ) (-16 -760 156 ) 
4 201 211 (-16 -760 64 ) (-16 -864 64 ) (-16 -864 140 ) (-16 -760 140 ) 
4 201 210 (-16 -864 64 ) (-16 -760 64 ) (-8 -760 64 ) (-8 -864 64 ) 
4 202 211 (-16 -928 176 ) (-16 -928 192 ) (-16 -872 192 ) (-16 -872 176 ) 
4 203 211 (-16 -928 160 ) (-16 -928 172 ) (-16 -872 172 ) (-16 -872 160 ) 
4 204 211 (-16 -928 144 ) (-16 -928 156 ) (-16 -872 156 ) (-16 -872 144 ) 
4 205 211 (-16 -928 128 ) (-16 -928 140 ) (-16 -872 140 ) (-16 -872 128 ) 
4 206 211 (-16 -928 112 ) (-16 -928 124 ) (-16 -872 124 ) (-16 -872 112 ) 
4 207 211 (-16 -928 96 ) (-16 -928 108 ) (-16 -872 108 ) (-16 -872 96 ) 
4 208 211 (-16 -928 80 ) (-16 -928 92 ) (-16 -872 92 ) (-16 -872 80 ) 
4 209 211 (-16 -928 64 ) (-16 -928 76 ) (-16 -872 76 ) (-16 -872 64 ) 
4 210 211 (-16 -864 64 ) (-16 -760 64 ) (-16 -760 8 ) (-16 -864 8 ) 
4 211 260 (-192 -928 124 ) (-192 -928 112 ) (-112 -928 112 ) (-112 -928 124 ) 
4 211 259 (-16 -928 112 ) (-16 -928 124 ) (-104 -928 124 ) (-104 -928 112 ) 
4 211 257 (-16 -928 128 ) (-16 -928 140 ) (-104 -928 140 ) (-104 -928 128 ) 
4 211 258 (-112 -928 140 ) (-192 -928 140 ) (-192 -928 128 ) (-112 -928 128 ) 
4 211 256 (-112 -928 156 ) (-192 -928 156 ) (-192 -928 144 ) (-112 -928 144 ) 
4 211 255 (-16 -928 144 ) (-16 -928 156 ) (-104 -928 156 ) (-104 -928 144 ) 
4 211 253 (-16 -928 160 ) (-16 -928 172 ) (-104 -928 172 ) (-104 -928 160 ) 
4 211 254 (-112 -928 172 ) (-192 -928 172 ) (-192 -928 160 ) (-112 -928 160 ) 
4 211 252 (-112 -928 192 ) (-192 -928 192 ) (-192 -928 176 ) (-112 -928 176 ) 
4 211 251 (-16 -928 176 ) (-16 -928 192 ) (-104 -928 192 ) (-104 -928 176 ) 
4 211 243 (-192 -928 64 ) (-192 -928 76 ) (-192 -872 76 ) (-192 -872 64 ) 
4 211 242 (-192 -928 80 ) (-192 -928 92 ) (-192 -872 92 ) (-192 -872 80 ) 
4 211 241 (-192 -760 64 ) (-192 -864 64 ) (-192 -864 76 ) (-192 -760 76 ) 
4 211 240 (-192 -760 80 ) (-192 -864 80 ) (-192 -864 92 ) (-192 -760 92 ) 
4 211 238 (-192 -752 80 ) (-192 -752 92 ) (-192 -600 92 ) (-192 -600 80 ) 
4 211 239 (-192 -600 64 ) (-192 -752 64 ) (-192 -752 76 ) (-192 -600 76 ) 
4 211 237 (-192 -520 76 ) (-192 -520 64 ) (-192 -592 64 ) (-192 -592 76 ) 
4 211 236 (-192 -520 92 ) (-192 -520 80 ) (-192 -592 80 ) (-192 -592 92 ) 
4 211 235 (-192 -928 96 ) (-192 -928 108 ) (-192 -872 108 ) (-192 -872 96 ) 
4 211 234 (-192 -928 112 ) (-192 -928 124 ) (-192 -872 124 ) (-192 -872 112 ) 
4 211 233 (-192 -928 128 ) (-192 -928 140 ) (-192 -872 140 ) (-192 -872 128 ) 
4 211 232 (-192 -760 96 ) (-192 -864 96 ) (-192 -864 108 ) (-192 -760 108 ) 
4 211 231 (-192 -760 112 ) (-192 -864 112 ) (-192 -864 124 ) (-192 -760 124 ) 
4 211 230 (-192 -864 140 ) (-192 -760 140 ) (-192 -760 128 ) (-192 -864 128 ) 
4 211 228 (-192 -752 112 ) (-192 -752 124 ) (-192 -600 124 ) (-192 -600 112 ) 
4 211 229 (-192 -600 96 ) (-192 -752 96 ) (-192 -752 108 ) (-192 -600 108 ) 
4 211 227 (-192 -520 108 ) (-192 -520 96 ) (-192 -592 96 ) (-192 -592 108 ) 
4 211 226 (-192 -520 124 ) (-192 -520 112 ) (-192 -592 112 ) (-192 -592 124 ) 
4 211 225 (-192 -752 140 ) (-192 -600 140 ) (-192 -600 128 ) (-192 -752 128 ) 
4 211 224 (-192 -592 140 ) (-192 -520 140 ) (-192 -520 128 ) (-192 -592 128 ) 
4 211 222 (-192 -864 156 ) (-192 -760 156 ) (-192 -760 144 ) (-192 -864 144 ) 
4 211 223 (-192 -928 144 ) (-192 -928 156 ) (-192 -872 156 ) (-192 -872 144 ) 
4 211 221 (-192 -928 160 ) (-192 -928 172 ) (-192 -872 172 ) (-192 -872 160 ) 
4 211 220 (-192 -864 172 ) (-192 -760 172 ) (-192 -760 160 ) (-192 -864 160 ) 
4 211 219 (-192 -928 176 ) (-192 -928 192 ) (-192 -872 192 ) (-192 -872 176 ) 
4 211 218 (-192 -864 192 ) (-192 -760 192 ) (-192 -760 176 ) (-192 -864 176 ) 
4 211 217 (-192 -752 144 ) (-192 -752 156 ) (-192 -600 156 ) (-192 -600 144 ) 
4 211 216 (-192 -520 156 ) (-192 -520 144 ) (-192 -592 144 ) (-192 -592 156 ) 
4 211 215 (-192 -752 160 ) (-192 -752 172 ) (-192 -600 172 ) (-192 -600 160 ) 
4 211 214 (-192 -520 172 ) (-192 -520 160 ) (-192 -592 160 ) (-192 -592 172 ) 
4 211 213 (-192 -752 192 ) (-192 -600 192 ) (-192 -600 176 ) (-192 -752 176 ) 
4 211 212 (-192 -592 192 ) (-192 -520 192 ) (-192 -520 176 ) (-192 -592 176 ) 
5 244 261 (0 -936 200 ) (0 -936 248 ) (-16 -936 248 ) (-16 -936 204 ) (-8 -936 200 ) 
4 244 250 (-16 -928 248 ) (-16 -928 204 ) (-16 -936 204 ) (-16 -936 248 ) 
4 244 245 (0 -936 200 ) (-8 -936 200 ) (-8 -928 200 ) (0 -928 200 ) 
4 245 261 (0 -936 192 ) (0 -936 200 ) (-8 -936 200 ) (-8 -936 192 ) 
4 245 246 (0 -936 192 ) (-8 -936 192 ) (-8 -928 192 ) (0 -928 192 ) 
4 246 261 (0 -936 64 ) (0 -936 192 ) (-8 -936 192 ) (-8 -936 64 ) 
4 246 247 (0 -936 64 ) (-8 -936 64 ) (-8 -928 64 ) (0 -928 64 ) 
4 247 261 (0 -936 8 ) (0 -936 64 ) (-8 -936 64 ) (-8 -936 8 ) 
3 248 261 (-104 -936 248 ) (-200 -936 248 ) (-200 -936 200 ) 
3 249 261 (-16 -936 200 ) (-104 -936 240 ) (-192 -936 200 ) 
3 250 261 (-16 -936 204 ) (-16 -936 248 ) (-104 -936 248 ) 
4 251 261 (-16 -936 176 ) (-16 -936 192 ) (-104 -936 192 ) (-104 -936 176 ) 
4 252 261 (-112 -936 192 ) (-192 -936 192 ) (-192 -936 176 ) (-112 -936 176 ) 
4 253 261 (-16 -936 160 ) (-16 -936 172 ) (-104 -936 172 ) (-104 -936 160 ) 
4 254 261 (-112 -936 172 ) (-192 -936 172 ) (-192 -936 160 ) (-112 -936 160 ) 
4 255 261 (-16 -936 144 ) (-16 -936 156 ) (-104 -936 156 ) (-104 -936 144 ) 
4 256 261 (-112 -936 156 ) (-192 -936 156 ) (-192 -936 144 ) (-112 -936 144 ) 
4 257 261 (-16 -936 128 ) (-16 -936 140 ) (-104 -936 140 ) (-104 -936 128 ) 
4 258 261 (-112 -936 140 ) (-192 -936 140 ) (-192 -936 128 ) (-112 -936 128 ) 
4 259 261 (-16 -936 112 ) (-16 -936 124 ) (-104 -936 124 ) (-104 -936 112 ) 
4 260 261 (-192 -936 124 ) (-192 -936 112 ) (-112 -936 112 ) (-112 -936 124 ) 
4 261 263 (0 -1024 8 ) (0 -1024 248 ) (-200 -1024 248 ) (-200 -1024 8 ) 
4 262 263 (0 -1024 248 ) (0 -1024 8 ) (0 -1160 8 ) (0 -1160 248 ) 
